Start testing: Aug 20 15:48 PDT
----------------------------------------------------------
1/170 Testing: Vector.Construction
1/170 Test: Vector.Construction
Command: "/Users/adityadendukuri/numerics/build-clang/tests/numerics_tests" "--gtest_filter=Vector.Construction" "--gtest_also_run_disabled_tests"
Directory: /Users/adityadendukuri/numerics/build-clang/tests
"Vector.Construction" start time: Aug 20 15:48 PDT
Output:
----------------------------------------------------------
Running main() from /Users/adityadendukuri/numerics/build-clang/_deps/googletest-src/googletest/src/gtest_main.cc
Note: Google Test filter = Vector.Construction
[==========] Running 1 test from 1 test suite.
[----------] Global test environment set-up.
[----------] 1 test from Vector
[ RUN      ] Vector.Construction
[       OK ] Vector.Construction (0 ms)
[----------] 1 test from Vector (0 ms total)

[----------] Global test environment tear-down
[==========] 1 test from 1 test suite ran. (0 ms total)
[  PASSED  ] 1 test.
<end of output>
Test time =   0.02 sec
----------------------------------------------------------
Test Passed.
"Vector.Construction" end time: Aug 20 15:48 PDT
"Vector.Construction" time elapsed: 00:00:00
----------------------------------------------------------

2/170 Testing: Vector.CopyMove
2/170 Test: Vector.CopyMove
Command: "/Users/adityadendukuri/numerics/build-clang/tests/numerics_tests" "--gtest_filter=Vector.CopyMove" "--gtest_also_run_disabled_tests"
Directory: /Users/adityadendukuri/numerics/build-clang/tests
"Vector.CopyMove" start time: Aug 20 15:48 PDT
Output:
----------------------------------------------------------
Running main() from /Users/adityadendukuri/numerics/build-clang/_deps/googletest-src/googletest/src/gtest_main.cc
Note: Google Test filter = Vector.CopyMove
[==========] Running 1 test from 1 test suite.
[----------] Global test environment set-up.
[----------] 1 test from Vector
[ RUN      ] Vector.CopyMove
[       OK ] Vector.CopyMove (0 ms)
[----------] 1 test from Vector (0 ms total)

[----------] Global test environment tear-down
[==========] 1 test from 1 test suite ran. (0 ms total)
[  PASSED  ] 1 test.
<end of output>
Test time =   0.01 sec
----------------------------------------------------------
Test Passed.
"Vector.CopyMove" end time: Aug 20 15:48 PDT
"Vector.CopyMove" time elapsed: 00:00:00
----------------------------------------------------------

3/170 Testing: Vector.Scale
3/170 Test: Vector.Scale
Command: "/Users/adityadendukuri/numerics/build-clang/tests/numerics_tests" "--gtest_filter=Vector.Scale" "--gtest_also_run_disabled_tests"
Directory: /Users/adityadendukuri/numerics/build-clang/tests
"Vector.Scale" start time: Aug 20 15:48 PDT
Output:
----------------------------------------------------------
Running main() from /Users/adityadendukuri/numerics/build-clang/_deps/googletest-src/googletest/src/gtest_main.cc
Note: Google Test filter = Vector.Scale
[==========] Running 1 test from 1 test suite.
[----------] Global test environment set-up.
[----------] 1 test from Vector
[ RUN      ] Vector.Scale
[       OK ] Vector.Scale (0 ms)
[----------] 1 test from Vector (0 ms total)

[----------] Global test environment tear-down
[==========] 1 test from 1 test suite ran. (0 ms total)
[  PASSED  ] 1 test.
<end of output>
Test time =   0.01 sec
----------------------------------------------------------
Test Passed.
"Vector.Scale" end time: Aug 20 15:48 PDT
"Vector.Scale" time elapsed: 00:00:00
----------------------------------------------------------

4/170 Testing: Vector.Add
4/170 Test: Vector.Add
Command: "/Users/adityadendukuri/numerics/build-clang/tests/numerics_tests" "--gtest_filter=Vector.Add" "--gtest_also_run_disabled_tests"
Directory: /Users/adityadendukuri/numerics/build-clang/tests
"Vector.Add" start time: Aug 20 15:48 PDT
Output:
----------------------------------------------------------
Running main() from /Users/adityadendukuri/numerics/build-clang/_deps/googletest-src/googletest/src/gtest_main.cc
Note: Google Test filter = Vector.Add
[==========] Running 1 test from 1 test suite.
[----------] Global test environment set-up.
[----------] 1 test from Vector
[ RUN      ] Vector.Add
[       OK ] Vector.Add (0 ms)
[----------] 1 test from Vector (0 ms total)

[----------] Global test environment tear-down
[==========] 1 test from 1 test suite ran. (0 ms total)
[  PASSED  ] 1 test.
<end of output>
Test time =   0.01 sec
----------------------------------------------------------
Test Passed.
"Vector.Add" end time: Aug 20 15:48 PDT
"Vector.Add" time elapsed: 00:00:00
----------------------------------------------------------

5/170 Testing: Vector.Axpy
5/170 Test: Vector.Axpy
Command: "/Users/adityadendukuri/numerics/build-clang/tests/numerics_tests" "--gtest_filter=Vector.Axpy" "--gtest_also_run_disabled_tests"
Directory: /Users/adityadendukuri/numerics/build-clang/tests
"Vector.Axpy" start time: Aug 20 15:48 PDT
Output:
----------------------------------------------------------
Running main() from /Users/adityadendukuri/numerics/build-clang/_deps/googletest-src/googletest/src/gtest_main.cc
Note: Google Test filter = Vector.Axpy
[==========] Running 1 test from 1 test suite.
[----------] Global test environment set-up.
[----------] 1 test from Vector
[ RUN      ] Vector.Axpy
[       OK ] Vector.Axpy (0 ms)
[----------] 1 test from Vector (0 ms total)

[----------] Global test environment tear-down
[==========] 1 test from 1 test suite ran. (0 ms total)
[  PASSED  ] 1 test.
<end of output>
Test time =   0.02 sec
----------------------------------------------------------
Test Passed.
"Vector.Axpy" end time: Aug 20 15:48 PDT
"Vector.Axpy" time elapsed: 00:00:00
----------------------------------------------------------

6/170 Testing: Vector.Dot
6/170 Test: Vector.Dot
Command: "/Users/adityadendukuri/numerics/build-clang/tests/numerics_tests" "--gtest_filter=Vector.Dot" "--gtest_also_run_disabled_tests"
Directory: /Users/adityadendukuri/numerics/build-clang/tests
"Vector.Dot" start time: Aug 20 15:48 PDT
Output:
----------------------------------------------------------
Running main() from /Users/adityadendukuri/numerics/build-clang/_deps/googletest-src/googletest/src/gtest_main.cc
Note: Google Test filter = Vector.Dot
[==========] Running 1 test from 1 test suite.
[----------] Global test environment set-up.
[----------] 1 test from Vector
[ RUN      ] Vector.Dot
[       OK ] Vector.Dot (0 ms)
[----------] 1 test from Vector (0 ms total)

[----------] Global test environment tear-down
[==========] 1 test from 1 test suite ran. (0 ms total)
[  PASSED  ] 1 test.
<end of output>
Test time =   0.01 sec
----------------------------------------------------------
Test Passed.
"Vector.Dot" end time: Aug 20 15:48 PDT
"Vector.Dot" time elapsed: 00:00:00
----------------------------------------------------------

7/170 Testing: Vector.Norm
7/170 Test: Vector.Norm
Command: "/Users/adityadendukuri/numerics/build-clang/tests/numerics_tests" "--gtest_filter=Vector.Norm" "--gtest_also_run_disabled_tests"
Directory: /Users/adityadendukuri/numerics/build-clang/tests
"Vector.Norm" start time: Aug 20 15:48 PDT
Output:
----------------------------------------------------------
Running main() from /Users/adityadendukuri/numerics/build-clang/_deps/googletest-src/googletest/src/gtest_main.cc
Note: Google Test filter = Vector.Norm
[==========] Running 1 test from 1 test suite.
[----------] Global test environment set-up.
[----------] 1 test from Vector
[ RUN      ] Vector.Norm
[       OK ] Vector.Norm (0 ms)
[----------] 1 test from Vector (0 ms total)

[----------] Global test environment tear-down
[==========] 1 test from 1 test suite ran. (0 ms total)
[  PASSED  ] 1 test.
<end of output>
Test time =   0.01 sec
----------------------------------------------------------
Test Passed.
"Vector.Norm" end time: Aug 20 15:48 PDT
"Vector.Norm" time elapsed: 00:00:00
----------------------------------------------------------

8/170 Testing: Matrix.Construction
8/170 Test: Matrix.Construction
Command: "/Users/adityadendukuri/numerics/build-clang/tests/numerics_tests" "--gtest_filter=Matrix.Construction" "--gtest_also_run_disabled_tests"
Directory: /Users/adityadendukuri/numerics/build-clang/tests
"Matrix.Construction" start time: Aug 20 15:48 PDT
Output:
----------------------------------------------------------
Running main() from /Users/adityadendukuri/numerics/build-clang/_deps/googletest-src/googletest/src/gtest_main.cc
Note: Google Test filter = Matrix.Construction
[==========] Running 1 test from 1 test suite.
[----------] Global test environment set-up.
[----------] 1 test from Matrix
[ RUN      ] Matrix.Construction
[       OK ] Matrix.Construction (0 ms)
[----------] 1 test from Matrix (0 ms total)

[----------] Global test environment tear-down
[==========] 1 test from 1 test suite ran. (0 ms total)
[  PASSED  ] 1 test.
<end of output>
Test time =   0.02 sec
----------------------------------------------------------
Test Passed.
"Matrix.Construction" end time: Aug 20 15:48 PDT
"Matrix.Construction" time elapsed: 00:00:00
----------------------------------------------------------

9/170 Testing: Matrix.CopyMove
9/170 Test: Matrix.CopyMove
Command: "/Users/adityadendukuri/numerics/build-clang/tests/numerics_tests" "--gtest_filter=Matrix.CopyMove" "--gtest_also_run_disabled_tests"
Directory: /Users/adityadendukuri/numerics/build-clang/tests
"Matrix.CopyMove" start time: Aug 20 15:48 PDT
Output:
----------------------------------------------------------
Running main() from /Users/adityadendukuri/numerics/build-clang/_deps/googletest-src/googletest/src/gtest_main.cc
Note: Google Test filter = Matrix.CopyMove
[==========] Running 1 test from 1 test suite.
[----------] Global test environment set-up.
[----------] 1 test from Matrix
[ RUN      ] Matrix.CopyMove
[       OK ] Matrix.CopyMove (0 ms)
[----------] 1 test from Matrix (0 ms total)

[----------] Global test environment tear-down
[==========] 1 test from 1 test suite ran. (0 ms total)
[  PASSED  ] 1 test.
<end of output>
Test time =   0.01 sec
----------------------------------------------------------
Test Passed.
"Matrix.CopyMove" end time: Aug 20 15:48 PDT
"Matrix.CopyMove" time elapsed: 00:00:00
----------------------------------------------------------

10/170 Testing: Matrix.Matvec
10/170 Test: Matrix.Matvec
Command: "/Users/adityadendukuri/numerics/build-clang/tests/numerics_tests" "--gtest_filter=Matrix.Matvec" "--gtest_also_run_disabled_tests"
Directory: /Users/adityadendukuri/numerics/build-clang/tests
"Matrix.Matvec" start time: Aug 20 15:48 PDT
Output:
----------------------------------------------------------
Running main() from /Users/adityadendukuri/numerics/build-clang/_deps/googletest-src/googletest/src/gtest_main.cc
Note: Google Test filter = Matrix.Matvec
[==========] Running 1 test from 1 test suite.
[----------] Global test environment set-up.
[----------] 1 test from Matrix
[ RUN      ] Matrix.Matvec
[       OK ] Matrix.Matvec (0 ms)
[----------] 1 test from Matrix (0 ms total)

[----------] Global test environment tear-down
[==========] 1 test from 1 test suite ran. (0 ms total)
[  PASSED  ] 1 test.
<end of output>
Test time =   0.02 sec
----------------------------------------------------------
Test Passed.
"Matrix.Matvec" end time: Aug 20 15:48 PDT
"Matrix.Matvec" time elapsed: 00:00:00
----------------------------------------------------------

11/170 Testing: Matrix.Matmul
11/170 Test: Matrix.Matmul
Command: "/Users/adityadendukuri/numerics/build-clang/tests/numerics_tests" "--gtest_filter=Matrix.Matmul" "--gtest_also_run_disabled_tests"
Directory: /Users/adityadendukuri/numerics/build-clang/tests
"Matrix.Matmul" start time: Aug 20 15:48 PDT
Output:
----------------------------------------------------------
Running main() from /Users/adityadendukuri/numerics/build-clang/_deps/googletest-src/googletest/src/gtest_main.cc
Note: Google Test filter = Matrix.Matmul
[==========] Running 1 test from 1 test suite.
[----------] Global test environment set-up.
[----------] 1 test from Matrix
[ RUN      ] Matrix.Matmul
[       OK ] Matrix.Matmul (0 ms)
[----------] 1 test from Matrix (0 ms total)

[----------] Global test environment tear-down
[==========] 1 test from 1 test suite ran. (0 ms total)
[  PASSED  ] 1 test.
<end of output>
Test time =   0.02 sec
----------------------------------------------------------
Test Passed.
"Matrix.Matmul" end time: Aug 20 15:48 PDT
"Matrix.Matmul" time elapsed: 00:00:00
----------------------------------------------------------

12/170 Testing: Matrix.Matadd
12/170 Test: Matrix.Matadd
Command: "/Users/adityadendukuri/numerics/build-clang/tests/numerics_tests" "--gtest_filter=Matrix.Matadd" "--gtest_also_run_disabled_tests"
Directory: /Users/adityadendukuri/numerics/build-clang/tests
"Matrix.Matadd" start time: Aug 20 15:48 PDT
Output:
----------------------------------------------------------
Running main() from /Users/adityadendukuri/numerics/build-clang/_deps/googletest-src/googletest/src/gtest_main.cc
Note: Google Test filter = Matrix.Matadd
[==========] Running 1 test from 1 test suite.
[----------] Global test environment set-up.
[----------] 1 test from Matrix
[ RUN      ] Matrix.Matadd
[       OK ] Matrix.Matadd (0 ms)
[----------] 1 test from Matrix (0 ms total)

[----------] Global test environment tear-down
[==========] 1 test from 1 test suite ran. (0 ms total)
[  PASSED  ] 1 test.
<end of output>
Test time =   0.01 sec
----------------------------------------------------------
Test Passed.
"Matrix.Matadd" end time: Aug 20 15:48 PDT
"Matrix.Matadd" time elapsed: 00:00:00
----------------------------------------------------------

13/170 Testing: MatmulPolicy.BlockedMatchesSeq
13/170 Test: MatmulPolicy.BlockedMatchesSeq
Command: "/Users/adityadendukuri/numerics/build-clang/tests/numerics_tests" "--gtest_filter=MatmulPolicy.BlockedMatchesSeq" "--gtest_also_run_disabled_tests"
Directory: /Users/adityadendukuri/numerics/build-clang/tests
"MatmulPolicy.BlockedMatchesSeq" start time: Aug 20 15:48 PDT
Output:
----------------------------------------------------------
Running main() from /Users/adityadendukuri/numerics/build-clang/_deps/googletest-src/googletest/src/gtest_main.cc
Note: Google Test filter = MatmulPolicy.BlockedMatchesSeq
[==========] Running 1 test from 1 test suite.
[----------] Global test environment set-up.
[----------] 1 test from MatmulPolicy
[ RUN      ] MatmulPolicy.BlockedMatchesSeq
[       OK ] MatmulPolicy.BlockedMatchesSeq (0 ms)
[----------] 1 test from MatmulPolicy (0 ms total)

[----------] Global test environment tear-down
[==========] 1 test from 1 test suite ran. (0 ms total)
[  PASSED  ] 1 test.
<end of output>
Test time =   0.02 sec
----------------------------------------------------------
Test Passed.
"MatmulPolicy.BlockedMatchesSeq" end time: Aug 20 15:48 PDT
"MatmulPolicy.BlockedMatchesSeq" time elapsed: 00:00:00
----------------------------------------------------------

14/170 Testing: MatvecPolicy.BlockedMatchesSeq
14/170 Test: MatvecPolicy.BlockedMatchesSeq
Command: "/Users/adityadendukuri/numerics/build-clang/tests/numerics_tests" "--gtest_filter=MatvecPolicy.BlockedMatchesSeq" "--gtest_also_run_disabled_tests"
Directory: /Users/adityadendukuri/numerics/build-clang/tests
"MatvecPolicy.BlockedMatchesSeq" start time: Aug 20 15:48 PDT
Output:
----------------------------------------------------------
Running main() from /Users/adityadendukuri/numerics/build-clang/_deps/googletest-src/googletest/src/gtest_main.cc
Note: Google Test filter = MatvecPolicy.BlockedMatchesSeq
[==========] Running 1 test from 1 test suite.
[----------] Global test environment set-up.
[----------] 1 test from MatvecPolicy
[ RUN      ] MatvecPolicy.BlockedMatchesSeq
[       OK ] MatvecPolicy.BlockedMatchesSeq (0 ms)
[----------] 1 test from MatvecPolicy (0 ms total)

[----------] Global test environment tear-down
[==========] 1 test from 1 test suite ran. (0 ms total)
[  PASSED  ] 1 test.
<end of output>
Test time =   0.01 sec
----------------------------------------------------------
Test Passed.
"MatvecPolicy.BlockedMatchesSeq" end time: Aug 20 15:48 PDT
"MatvecPolicy.BlockedMatchesSeq" time elapsed: 00:00:00
----------------------------------------------------------

15/170 Testing: Resolvent.DenseSolve
15/170 Test: Resolvent.DenseSolve
Command: "/Users/adityadendukuri/numerics/build-clang/tests/numerics_tests" "--gtest_filter=Resolvent.DenseSolve" "--gtest_also_run_disabled_tests"
Directory: /Users/adityadendukuri/numerics/build-clang/tests
"Resolvent.DenseSolve" start time: Aug 20 15:48 PDT
Output:
----------------------------------------------------------
Running main() from /Users/adityadendukuri/numerics/build-clang/_deps/googletest-src/googletest/src/gtest_main.cc
Note: Google Test filter = Resolvent.DenseSolve
[==========] Running 1 test from 1 test suite.
[----------] Global test environment set-up.
[----------] 1 test from Resolvent
[ RUN      ] Resolvent.DenseSolve
[       OK ] Resolvent.DenseSolve (0 ms)
[----------] 1 test from Resolvent (0 ms total)

[----------] Global test environment tear-down
[==========] 1 test from 1 test suite ran. (0 ms total)
[  PASSED  ] 1 test.
<end of output>
Test time =   0.01 sec
----------------------------------------------------------
Test Passed.
"Resolvent.DenseSolve" end time: Aug 20 15:48 PDT
"Resolvent.DenseSolve" time elapsed: 00:00:00
----------------------------------------------------------

16/170 Testing: Resolvent.ReusableFactorAndBatch
16/170 Test: Resolvent.ReusableFactorAndBatch
Command: "/Users/adityadendukuri/numerics/build-clang/tests/numerics_tests" "--gtest_filter=Resolvent.ReusableFactorAndBatch" "--gtest_also_run_disabled_tests"
Directory: /Users/adityadendukuri/numerics/build-clang/tests
"Resolvent.ReusableFactorAndBatch" start time: Aug 20 15:48 PDT
Output:
----------------------------------------------------------
Running main() from /Users/adityadendukuri/numerics/build-clang/_deps/googletest-src/googletest/src/gtest_main.cc
Note: Google Test filter = Resolvent.ReusableFactorAndBatch
[==========] Running 1 test from 1 test suite.
[----------] Global test environment set-up.
[----------] 1 test from Resolvent
[ RUN      ] Resolvent.ReusableFactorAndBatch
[       OK ] Resolvent.ReusableFactorAndBatch (0 ms)
[----------] 1 test from Resolvent (0 ms total)

[----------] Global test environment tear-down
[==========] 1 test from 1 test suite ran. (0 ms total)
[  PASSED  ] 1 test.
<end of output>
Test time =   0.02 sec
----------------------------------------------------------
Test Passed.
"Resolvent.ReusableFactorAndBatch" end time: Aug 20 15:48 PDT
"Resolvent.ReusableFactorAndBatch" time elapsed: 00:00:00
----------------------------------------------------------

17/170 Testing: CG.Small3x3
17/170 Test: CG.Small3x3
Command: "/Users/adityadendukuri/numerics/build-clang/tests/numerics_tests" "--gtest_filter=CG.Small3x3" "--gtest_also_run_disabled_tests"
Directory: /Users/adityadendukuri/numerics/build-clang/tests
"CG.Small3x3" start time: Aug 20 15:48 PDT
Output:
----------------------------------------------------------
Running main() from /Users/adityadendukuri/numerics/build-clang/_deps/googletest-src/googletest/src/gtest_main.cc
Note: Google Test filter = CG.Small3x3
[==========] Running 1 test from 1 test suite.
[----------] Global test environment set-up.
[----------] 1 test from CG
[ RUN      ] CG.Small3x3
[       OK ] CG.Small3x3 (0 ms)
[----------] 1 test from CG (0 ms total)

[----------] Global test environment tear-down
[==========] 1 test from 1 test suite ran. (0 ms total)
[  PASSED  ] 1 test.
<end of output>
Test time =   0.01 sec
----------------------------------------------------------
Test Passed.
"CG.Small3x3" end time: Aug 20 15:48 PDT
"CG.Small3x3" time elapsed: 00:00:00
----------------------------------------------------------

18/170 Testing: CG.DiagonalDominant5x5
18/170 Test: CG.DiagonalDominant5x5
Command: "/Users/adityadendukuri/numerics/build-clang/tests/numerics_tests" "--gtest_filter=CG.DiagonalDominant5x5" "--gtest_also_run_disabled_tests"
Directory: /Users/adityadendukuri/numerics/build-clang/tests
"CG.DiagonalDominant5x5" start time: Aug 20 15:48 PDT
Output:
----------------------------------------------------------
Running main() from /Users/adityadendukuri/numerics/build-clang/_deps/googletest-src/googletest/src/gtest_main.cc
Note: Google Test filter = CG.DiagonalDominant5x5
[==========] Running 1 test from 1 test suite.
[----------] Global test environment set-up.
[----------] 1 test from CG
[ RUN      ] CG.DiagonalDominant5x5
[       OK ] CG.DiagonalDominant5x5 (0 ms)
[----------] 1 test from CG (0 ms total)

[----------] Global test environment tear-down
[==========] 1 test from 1 test suite ran. (0 ms total)
[  PASSED  ] 1 test.
<end of output>
Test time =   0.02 sec
----------------------------------------------------------
Test Passed.
"CG.DiagonalDominant5x5" end time: Aug 20 15:48 PDT
"CG.DiagonalDominant5x5" time elapsed: 00:00:00
----------------------------------------------------------

19/170 Testing: CG.ConvergesWithinN
19/170 Test: CG.ConvergesWithinN
Command: "/Users/adityadendukuri/numerics/build-clang/tests/numerics_tests" "--gtest_filter=CG.ConvergesWithinN" "--gtest_also_run_disabled_tests"
Directory: /Users/adityadendukuri/numerics/build-clang/tests
"CG.ConvergesWithinN" start time: Aug 20 15:48 PDT
Output:
----------------------------------------------------------
Running main() from /Users/adityadendukuri/numerics/build-clang/_deps/googletest-src/googletest/src/gtest_main.cc
Note: Google Test filter = CG.ConvergesWithinN
[==========] Running 1 test from 1 test suite.
[----------] Global test environment set-up.
[----------] 1 test from CG
[ RUN      ] CG.ConvergesWithinN
[       OK ] CG.ConvergesWithinN (0 ms)
[----------] 1 test from CG (0 ms total)

[----------] Global test environment tear-down
[==========] 1 test from 1 test suite ran. (0 ms total)
[  PASSED  ] 1 test.
<end of output>
Test time =   0.02 sec
----------------------------------------------------------
Test Passed.
"CG.ConvergesWithinN" end time: Aug 20 15:48 PDT
"CG.ConvergesWithinN" time elapsed: 00:00:00
----------------------------------------------------------

20/170 Testing: CG.DenseOperator
20/170 Test: CG.DenseOperator
Command: "/Users/adityadendukuri/numerics/build-clang/tests/numerics_tests" "--gtest_filter=CG.DenseOperator" "--gtest_also_run_disabled_tests"
Directory: /Users/adityadendukuri/numerics/build-clang/tests
"CG.DenseOperator" start time: Aug 20 15:48 PDT
Output:
----------------------------------------------------------
Running main() from /Users/adityadendukuri/numerics/build-clang/_deps/googletest-src/googletest/src/gtest_main.cc
Note: Google Test filter = CG.DenseOperator
[==========] Running 1 test from 1 test suite.
[----------] Global test environment set-up.
[----------] 1 test from CG
[ RUN      ] CG.DenseOperator
[       OK ] CG.DenseOperator (0 ms)
[----------] 1 test from CG (0 ms total)

[----------] Global test environment tear-down
[==========] 1 test from 1 test suite ran. (0 ms total)
[  PASSED  ] 1 test.
<end of output>
Test time =   0.01 sec
----------------------------------------------------------
Test Passed.
"CG.DenseOperator" end time: Aug 20 15:48 PDT
"CG.DenseOperator" time elapsed: 00:00:00
----------------------------------------------------------

21/170 Testing: CG.SparseOperator
21/170 Test: CG.SparseOperator
Command: "/Users/adityadendukuri/numerics/build-clang/tests/numerics_tests" "--gtest_filter=CG.SparseOperator" "--gtest_also_run_disabled_tests"
Directory: /Users/adityadendukuri/numerics/build-clang/tests
"CG.SparseOperator" start time: Aug 20 15:48 PDT
Output:
----------------------------------------------------------
Running main() from /Users/adityadendukuri/numerics/build-clang/_deps/googletest-src/googletest/src/gtest_main.cc
Note: Google Test filter = CG.SparseOperator
[==========] Running 1 test from 1 test suite.
[----------] Global test environment set-up.
[----------] 1 test from CG
[ RUN      ] CG.SparseOperator
[       OK ] CG.SparseOperator (0 ms)
[----------] 1 test from CG (0 ms total)

[----------] Global test environment tear-down
[==========] 1 test from 1 test suite ran. (0 ms total)
[  PASSED  ] 1 test.
<end of output>
Test time =   0.01 sec
----------------------------------------------------------
Test Passed.
"CG.SparseOperator" end time: Aug 20 15:48 PDT
"CG.SparseOperator" time elapsed: 00:00:00
----------------------------------------------------------

22/170 Testing: MatrixProperties.CheckedSymmetricAndSPD
22/170 Test: MatrixProperties.CheckedSymmetricAndSPD
Command: "/Users/adityadendukuri/numerics/build-clang/tests/numerics_tests" "--gtest_filter=MatrixProperties.CheckedSymmetricAndSPD" "--gtest_also_run_disabled_tests"
Directory: /Users/adityadendukuri/numerics/build-clang/tests
"MatrixProperties.CheckedSymmetricAndSPD" start time: Aug 20 15:48 PDT
Output:
----------------------------------------------------------
Running main() from /Users/adityadendukuri/numerics/build-clang/_deps/googletest-src/googletest/src/gtest_main.cc
Note: Google Test filter = MatrixProperties.CheckedSymmetricAndSPD
[==========] Running 1 test from 1 test suite.
[----------] Global test environment set-up.
[----------] 1 test from MatrixProperties
[ RUN      ] MatrixProperties.CheckedSymmetricAndSPD
[       OK ] MatrixProperties.CheckedSymmetricAndSPD (0 ms)
[----------] 1 test from MatrixProperties (0 ms total)

[----------] Global test environment tear-down
[==========] 1 test from 1 test suite ran. (0 ms total)
[  PASSED  ] 1 test.
<end of output>
Test time =   0.01 sec
----------------------------------------------------------
Test Passed.
"MatrixProperties.CheckedSymmetricAndSPD" end time: Aug 20 15:48 PDT
"MatrixProperties.CheckedSymmetricAndSPD" time elapsed: 00:00:00
----------------------------------------------------------

23/170 Testing: MatrixProperties.CheckedConstructorsRejectInvalidInput
23/170 Test: MatrixProperties.CheckedConstructorsRejectInvalidInput
Command: "/Users/adityadendukuri/numerics/build-clang/tests/numerics_tests" "--gtest_filter=MatrixProperties.CheckedConstructorsRejectInvalidInput" "--gtest_also_run_disabled_tests"
Directory: /Users/adityadendukuri/numerics/build-clang/tests
"MatrixProperties.CheckedConstructorsRejectInvalidInput" start time: Aug 20 15:48 PDT
Output:
----------------------------------------------------------
Running main() from /Users/adityadendukuri/numerics/build-clang/_deps/googletest-src/googletest/src/gtest_main.cc
Note: Google Test filter = MatrixProperties.CheckedConstructorsRejectInvalidInput
[==========] Running 1 test from 1 test suite.
[----------] Global test environment set-up.
[----------] 1 test from MatrixProperties
[ RUN      ] MatrixProperties.CheckedConstructorsRejectInvalidInput
[       OK ] MatrixProperties.CheckedConstructorsRejectInvalidInput (0 ms)
[----------] 1 test from MatrixProperties (0 ms total)

[----------] Global test environment tear-down
[==========] 1 test from 1 test suite ran. (0 ms total)
[  PASSED  ] 1 test.
<end of output>
Test time =   0.02 sec
----------------------------------------------------------
Test Passed.
"MatrixProperties.CheckedConstructorsRejectInvalidInput" end time: Aug 20 15:48 PDT
"MatrixProperties.CheckedConstructorsRejectInvalidInput" time elapsed: 00:00:00
----------------------------------------------------------

24/170 Testing: SolveDispatch.MatrixCGWithCheckedSPD
24/170 Test: SolveDispatch.MatrixCGWithCheckedSPD
Command: "/Users/adityadendukuri/numerics/build-clang/tests/numerics_tests" "--gtest_filter=SolveDispatch.MatrixCGWithCheckedSPD" "--gtest_also_run_disabled_tests"
Directory: /Users/adityadendukuri/numerics/build-clang/tests
"SolveDispatch.MatrixCGWithCheckedSPD" start time: Aug 20 15:48 PDT
Output:
----------------------------------------------------------
Running main() from /Users/adityadendukuri/numerics/build-clang/_deps/googletest-src/googletest/src/gtest_main.cc
Note: Google Test filter = SolveDispatch.MatrixCGWithCheckedSPD
[==========] Running 1 test from 1 test suite.
[----------] Global test environment set-up.
[----------] 1 test from SolveDispatch
[ RUN      ] SolveDispatch.MatrixCGWithCheckedSPD
[       OK ] SolveDispatch.MatrixCGWithCheckedSPD (0 ms)
[----------] 1 test from SolveDispatch (0 ms total)

[----------] Global test environment tear-down
[==========] 1 test from 1 test suite ran. (0 ms total)
[  PASSED  ] 1 test.
<end of output>
Test time =   0.02 sec
----------------------------------------------------------
Test Passed.
"SolveDispatch.MatrixCGWithCheckedSPD" end time: Aug 20 15:48 PDT
"SolveDispatch.MatrixCGWithCheckedSPD" time elapsed: 00:00:00
----------------------------------------------------------

25/170 Testing: SolveDispatch.DenseGMRES
25/170 Test: SolveDispatch.DenseGMRES
Command: "/Users/adityadendukuri/numerics/build-clang/tests/numerics_tests" "--gtest_filter=SolveDispatch.DenseGMRES" "--gtest_also_run_disabled_tests"
Directory: /Users/adityadendukuri/numerics/build-clang/tests
"SolveDispatch.DenseGMRES" start time: Aug 20 15:48 PDT
Output:
----------------------------------------------------------
Running main() from /Users/adityadendukuri/numerics/build-clang/_deps/googletest-src/googletest/src/gtest_main.cc
Note: Google Test filter = SolveDispatch.DenseGMRES
[==========] Running 1 test from 1 test suite.
[----------] Global test environment set-up.
[----------] 1 test from SolveDispatch
[ RUN      ] SolveDispatch.DenseGMRES
[       OK ] SolveDispatch.DenseGMRES (0 ms)
[----------] 1 test from SolveDispatch (0 ms total)

[----------] Global test environment tear-down
[==========] 1 test from 1 test suite ran. (0 ms total)
[  PASSED  ] 1 test.
<end of output>
Test time =   0.02 sec
----------------------------------------------------------
Test Passed.
"SolveDispatch.DenseGMRES" end time: Aug 20 15:48 PDT
"SolveDispatch.DenseGMRES" time elapsed: 00:00:00
----------------------------------------------------------

26/170 Testing: Operators.CallableOperator
26/170 Test: Operators.CallableOperator
Command: "/Users/adityadendukuri/numerics/build-clang/tests/numerics_tests" "--gtest_filter=Operators.CallableOperator" "--gtest_also_run_disabled_tests"
Directory: /Users/adityadendukuri/numerics/build-clang/tests
"Operators.CallableOperator" start time: Aug 20 15:48 PDT
Output:
----------------------------------------------------------
Running main() from /Users/adityadendukuri/numerics/build-clang/_deps/googletest-src/googletest/src/gtest_main.cc
Note: Google Test filter = Operators.CallableOperator
[==========] Running 1 test from 1 test suite.
[----------] Global test environment set-up.
[----------] 1 test from Operators
[ RUN      ] Operators.CallableOperator
[       OK ] Operators.CallableOperator (0 ms)
[----------] 1 test from Operators (0 ms total)

[----------] Global test environment tear-down
[==========] 1 test from 1 test suite ran. (0 ms total)
[  PASSED  ] 1 test.
<end of output>
Test time =   0.02 sec
----------------------------------------------------------
Test Passed.
"Operators.CallableOperator" end time: Aug 20 15:48 PDT
"Operators.CallableOperator" time elapsed: 00:00:00
----------------------------------------------------------

27/170 Testing: PCG.JacobiPreconditioner
27/170 Test: PCG.JacobiPreconditioner
Command: "/Users/adityadendukuri/numerics/build-clang/tests/numerics_tests" "--gtest_filter=PCG.JacobiPreconditioner" "--gtest_also_run_disabled_tests"
Directory: /Users/adityadendukuri/numerics/build-clang/tests
"PCG.JacobiPreconditioner" start time: Aug 20 15:48 PDT
Output:
----------------------------------------------------------
Running main() from /Users/adityadendukuri/numerics/build-clang/_deps/googletest-src/googletest/src/gtest_main.cc
Note: Google Test filter = PCG.JacobiPreconditioner
[==========] Running 1 test from 1 test suite.
[----------] Global test environment set-up.
[----------] 1 test from PCG
[ RUN      ] PCG.JacobiPreconditioner
[       OK ] PCG.JacobiPreconditioner (0 ms)
[----------] 1 test from PCG (0 ms total)

[----------] Global test environment tear-down
[==========] 1 test from 1 test suite ran. (0 ms total)
[  PASSED  ] 1 test.
<end of output>
Test time =   0.01 sec
----------------------------------------------------------
Test Passed.
"PCG.JacobiPreconditioner" end time: Aug 20 15:48 PDT
"PCG.JacobiPreconditioner" time elapsed: 00:00:00
----------------------------------------------------------

28/170 Testing: MINRES.SymmetricIndefiniteOperator
28/170 Test: MINRES.SymmetricIndefiniteOperator
Command: "/Users/adityadendukuri/numerics/build-clang/tests/numerics_tests" "--gtest_filter=MINRES.SymmetricIndefiniteOperator" "--gtest_also_run_disabled_tests"
Directory: /Users/adityadendukuri/numerics/build-clang/tests
"MINRES.SymmetricIndefiniteOperator" start time: Aug 20 15:48 PDT
Output:
----------------------------------------------------------
Running main() from /Users/adityadendukuri/numerics/build-clang/_deps/googletest-src/googletest/src/gtest_main.cc
Note: Google Test filter = MINRES.SymmetricIndefiniteOperator
[==========] Running 1 test from 1 test suite.
[----------] Global test environment set-up.
[----------] 1 test from MINRES
[ RUN      ] MINRES.SymmetricIndefiniteOperator
[       OK ] MINRES.SymmetricIndefiniteOperator (0 ms)
[----------] 1 test from MINRES (0 ms total)

[----------] Global test environment tear-down
[==========] 1 test from 1 test suite ran. (0 ms total)
[  PASSED  ] 1 test.
<end of output>
Test time =   0.01 sec
----------------------------------------------------------
Test Passed.
"MINRES.SymmetricIndefiniteOperator" end time: Aug 20 15:48 PDT
"MINRES.SymmetricIndefiniteOperator" time elapsed: 00:00:00
----------------------------------------------------------

29/170 Testing: PDEOperators.BackwardEulerOperatorIsSPD
29/170 Test: PDEOperators.BackwardEulerOperatorIsSPD
Command: "/Users/adityadendukuri/numerics/build-clang/tests/numerics_tests" "--gtest_filter=PDEOperators.BackwardEulerOperatorIsSPD" "--gtest_also_run_disabled_tests"
Directory: /Users/adityadendukuri/numerics/build-clang/tests
"PDEOperators.BackwardEulerOperatorIsSPD" start time: Aug 20 15:48 PDT
Output:
----------------------------------------------------------
Running main() from /Users/adityadendukuri/numerics/build-clang/_deps/googletest-src/googletest/src/gtest_main.cc
Note: Google Test filter = PDEOperators.BackwardEulerOperatorIsSPD
[==========] Running 1 test from 1 test suite.
[----------] Global test environment set-up.
[----------] 1 test from PDEOperators
[ RUN      ] PDEOperators.BackwardEulerOperatorIsSPD
[       OK ] PDEOperators.BackwardEulerOperatorIsSPD (0 ms)
[----------] 1 test from PDEOperators (0 ms total)

[----------] Global test environment tear-down
[==========] 1 test from 1 test suite ran. (0 ms total)
[  PASSED  ] 1 test.
<end of output>
Test time =   0.01 sec
----------------------------------------------------------
Test Passed.
"PDEOperators.BackwardEulerOperatorIsSPD" end time: Aug 20 15:48 PDT
"PDEOperators.BackwardEulerOperatorIsSPD" time elapsed: 00:00:00
----------------------------------------------------------

30/170 Testing: Thomas.Small4x4
30/170 Test: Thomas.Small4x4
Command: "/Users/adityadendukuri/numerics/build-clang/tests/numerics_tests" "--gtest_filter=Thomas.Small4x4" "--gtest_also_run_disabled_tests"
Directory: /Users/adityadendukuri/numerics/build-clang/tests
"Thomas.Small4x4" start time: Aug 20 15:48 PDT
Output:
----------------------------------------------------------
Running main() from /Users/adityadendukuri/numerics/build-clang/_deps/googletest-src/googletest/src/gtest_main.cc
Note: Google Test filter = Thomas.Small4x4
[==========] Running 1 test from 1 test suite.
[----------] Global test environment set-up.
[----------] 1 test from Thomas
[ RUN      ] Thomas.Small4x4
[       OK ] Thomas.Small4x4 (0 ms)
[----------] 1 test from Thomas (0 ms total)

[----------] Global test environment tear-down
[==========] 1 test from 1 test suite ran. (0 ms total)
[  PASSED  ] 1 test.
<end of output>
Test time =   0.02 sec
----------------------------------------------------------
Test Passed.
"Thomas.Small4x4" end time: Aug 20 15:48 PDT
"Thomas.Small4x4" time elapsed: 00:00:00
----------------------------------------------------------

31/170 Testing: Thomas.Laplacian1D
31/170 Test: Thomas.Laplacian1D
Command: "/Users/adityadendukuri/numerics/build-clang/tests/numerics_tests" "--gtest_filter=Thomas.Laplacian1D" "--gtest_also_run_disabled_tests"
Directory: /Users/adityadendukuri/numerics/build-clang/tests
"Thomas.Laplacian1D" start time: Aug 20 15:48 PDT
Output:
----------------------------------------------------------
Running main() from /Users/adityadendukuri/numerics/build-clang/_deps/googletest-src/googletest/src/gtest_main.cc
Note: Google Test filter = Thomas.Laplacian1D
[==========] Running 1 test from 1 test suite.
[----------] Global test environment set-up.
[----------] 1 test from Thomas
[ RUN      ] Thomas.Laplacian1D
[       OK ] Thomas.Laplacian1D (0 ms)
[----------] 1 test from Thomas (0 ms total)

[----------] Global test environment tear-down
[==========] 1 test from 1 test suite ran. (0 ms total)
[  PASSED  ] 1 test.
<end of output>
Test time =   0.02 sec
----------------------------------------------------------
Test Passed.
"Thomas.Laplacian1D" end time: Aug 20 15:48 PDT
"Thomas.Laplacian1D" time elapsed: 00:00:00
----------------------------------------------------------

32/170 Testing: Thomas.TwoByTwo
32/170 Test: Thomas.TwoByTwo
Command: "/Users/adityadendukuri/numerics/build-clang/tests/numerics_tests" "--gtest_filter=Thomas.TwoByTwo" "--gtest_also_run_disabled_tests"
Directory: /Users/adityadendukuri/numerics/build-clang/tests
"Thomas.TwoByTwo" start time: Aug 20 15:48 PDT
Output:
----------------------------------------------------------
Running main() from /Users/adityadendukuri/numerics/build-clang/_deps/googletest-src/googletest/src/gtest_main.cc
Note: Google Test filter = Thomas.TwoByTwo
[==========] Running 1 test from 1 test suite.
[----------] Global test environment set-up.
[----------] 1 test from Thomas
[ RUN      ] Thomas.TwoByTwo
[       OK ] Thomas.TwoByTwo (0 ms)
[----------] 1 test from Thomas (0 ms total)

[----------] Global test environment tear-down
[==========] 1 test from 1 test suite ran. (0 ms total)
[  PASSED  ] 1 test.
<end of output>
Test time =   0.01 sec
----------------------------------------------------------
Test Passed.
"Thomas.TwoByTwo" end time: Aug 20 15:48 PDT
"Thomas.TwoByTwo" time elapsed: 00:00:00
----------------------------------------------------------

33/170 Testing: GaussSeidel.DiagonalDominant3x3
33/170 Test: GaussSeidel.DiagonalDominant3x3
Command: "/Users/adityadendukuri/numerics/build-clang/tests/numerics_tests" "--gtest_filter=GaussSeidel.DiagonalDominant3x3" "--gtest_also_run_disabled_tests"
Directory: /Users/adityadendukuri/numerics/build-clang/tests
"GaussSeidel.DiagonalDominant3x3" start time: Aug 20 15:48 PDT
Output:
----------------------------------------------------------
Running main() from /Users/adityadendukuri/numerics/build-clang/_deps/googletest-src/googletest/src/gtest_main.cc
Note: Google Test filter = GaussSeidel.DiagonalDominant3x3
[==========] Running 1 test from 1 test suite.
[----------] Global test environment set-up.
[----------] 1 test from GaussSeidel
[ RUN      ] GaussSeidel.DiagonalDominant3x3
[       OK ] GaussSeidel.DiagonalDominant3x3 (3 ms)
[----------] 1 test from GaussSeidel (3 ms total)

[----------] Global test environment tear-down
[==========] 1 test from 1 test suite ran. (3 ms total)
[  PASSED  ] 1 test.
<end of output>
Test time =   0.02 sec
----------------------------------------------------------
Test Passed.
"GaussSeidel.DiagonalDominant3x3" end time: Aug 20 15:48 PDT
"GaussSeidel.DiagonalDominant3x3" time elapsed: 00:00:00
----------------------------------------------------------

34/170 Testing: GaussSeidel.DiagonalSystem
34/170 Test: GaussSeidel.DiagonalSystem
Command: "/Users/adityadendukuri/numerics/build-clang/tests/numerics_tests" "--gtest_filter=GaussSeidel.DiagonalSystem" "--gtest_also_run_disabled_tests"
Directory: /Users/adityadendukuri/numerics/build-clang/tests
"GaussSeidel.DiagonalSystem" start time: Aug 20 15:48 PDT
Output:
----------------------------------------------------------
Running main() from /Users/adityadendukuri/numerics/build-clang/_deps/googletest-src/googletest/src/gtest_main.cc
Note: Google Test filter = GaussSeidel.DiagonalSystem
[==========] Running 1 test from 1 test suite.
[----------] Global test environment set-up.
[----------] 1 test from GaussSeidel
[ RUN      ] GaussSeidel.DiagonalSystem
[       OK ] GaussSeidel.DiagonalSystem (0 ms)
[----------] 1 test from GaussSeidel (0 ms total)

[----------] Global test environment tear-down
[==========] 1 test from 1 test suite ran. (0 ms total)
[  PASSED  ] 1 test.
<end of output>
Test time =   0.02 sec
----------------------------------------------------------
Test Passed.
"GaussSeidel.DiagonalSystem" end time: Aug 20 15:48 PDT
"GaussSeidel.DiagonalSystem" time elapsed: 00:00:00
----------------------------------------------------------

35/170 Testing: GaussSeidel.ResidualVerified
35/170 Test: GaussSeidel.ResidualVerified
Command: "/Users/adityadendukuri/numerics/build-clang/tests/numerics_tests" "--gtest_filter=GaussSeidel.ResidualVerified" "--gtest_also_run_disabled_tests"
Directory: /Users/adityadendukuri/numerics/build-clang/tests
"GaussSeidel.ResidualVerified" start time: Aug 20 15:48 PDT
Output:
----------------------------------------------------------
Running main() from /Users/adityadendukuri/numerics/build-clang/_deps/googletest-src/googletest/src/gtest_main.cc
Note: Google Test filter = GaussSeidel.ResidualVerified
[==========] Running 1 test from 1 test suite.
[----------] Global test environment set-up.
[----------] 1 test from GaussSeidel
[ RUN      ] GaussSeidel.ResidualVerified
[       OK ] GaussSeidel.ResidualVerified (1 ms)
[----------] 1 test from GaussSeidel (1 ms total)

[----------] Global test environment tear-down
[==========] 1 test from 1 test suite ran. (1 ms total)
[  PASSED  ] 1 test.
<end of output>
Test time =   0.02 sec
----------------------------------------------------------
Test Passed.
"GaussSeidel.ResidualVerified" end time: Aug 20 15:48 PDT
"GaussSeidel.ResidualVerified" time elapsed: 00:00:00
----------------------------------------------------------

36/170 Testing: Jacobi.DiagonalDominant3x3
36/170 Test: Jacobi.DiagonalDominant3x3
Command: "/Users/adityadendukuri/numerics/build-clang/tests/numerics_tests" "--gtest_filter=Jacobi.DiagonalDominant3x3" "--gtest_also_run_disabled_tests"
Directory: /Users/adityadendukuri/numerics/build-clang/tests
"Jacobi.DiagonalDominant3x3" start time: Aug 20 15:48 PDT
Output:
----------------------------------------------------------
Running main() from /Users/adityadendukuri/numerics/build-clang/_deps/googletest-src/googletest/src/gtest_main.cc
Note: Google Test filter = Jacobi.DiagonalDominant3x3
[==========] Running 1 test from 1 test suite.
[----------] Global test environment set-up.
[----------] 1 test from Jacobi
[ RUN      ] Jacobi.DiagonalDominant3x3
[       OK ] Jacobi.DiagonalDominant3x3 (0 ms)
[----------] 1 test from Jacobi (0 ms total)

[----------] Global test environment tear-down
[==========] 1 test from 1 test suite ran. (0 ms total)
[  PASSED  ] 1 test.
<end of output>
Test time =   0.02 sec
----------------------------------------------------------
Test Passed.
"Jacobi.DiagonalDominant3x3" end time: Aug 20 15:48 PDT
"Jacobi.DiagonalDominant3x3" time elapsed: 00:00:00
----------------------------------------------------------

37/170 Testing: Jacobi.DiagonalSystem
37/170 Test: Jacobi.DiagonalSystem
Command: "/Users/adityadendukuri/numerics/build-clang/tests/numerics_tests" "--gtest_filter=Jacobi.DiagonalSystem" "--gtest_also_run_disabled_tests"
Directory: /Users/adityadendukuri/numerics/build-clang/tests
"Jacobi.DiagonalSystem" start time: Aug 20 15:48 PDT
Output:
----------------------------------------------------------
Running main() from /Users/adityadendukuri/numerics/build-clang/_deps/googletest-src/googletest/src/gtest_main.cc
Note: Google Test filter = Jacobi.DiagonalSystem
[==========] Running 1 test from 1 test suite.
[----------] Global test environment set-up.
[----------] 1 test from Jacobi
[ RUN      ] Jacobi.DiagonalSystem
[       OK ] Jacobi.DiagonalSystem (0 ms)
[----------] 1 test from Jacobi (0 ms total)

[----------] Global test environment tear-down
[==========] 1 test from 1 test suite ran. (0 ms total)
[  PASSED  ] 1 test.
<end of output>
Test time =   0.02 sec
----------------------------------------------------------
Test Passed.
"Jacobi.DiagonalSystem" end time: Aug 20 15:48 PDT
"Jacobi.DiagonalSystem" time elapsed: 00:00:00
----------------------------------------------------------

38/170 Testing: Jacobi.ResidualVerified
38/170 Test: Jacobi.ResidualVerified
Command: "/Users/adityadendukuri/numerics/build-clang/tests/numerics_tests" "--gtest_filter=Jacobi.ResidualVerified" "--gtest_also_run_disabled_tests"
Directory: /Users/adityadendukuri/numerics/build-clang/tests
"Jacobi.ResidualVerified" start time: Aug 20 15:48 PDT
Output:
----------------------------------------------------------
Running main() from /Users/adityadendukuri/numerics/build-clang/_deps/googletest-src/googletest/src/gtest_main.cc
Note: Google Test filter = Jacobi.ResidualVerified
[==========] Running 1 test from 1 test suite.
[----------] Global test environment set-up.
[----------] 1 test from Jacobi
[ RUN      ] Jacobi.ResidualVerified
[       OK ] Jacobi.ResidualVerified (0 ms)
[----------] 1 test from Jacobi (0 ms total)

[----------] Global test environment tear-down
[==========] 1 test from 1 test suite ran. (0 ms total)
[  PASSED  ] 1 test.
<end of output>
Test time =   0.02 sec
----------------------------------------------------------
Test Passed.
"Jacobi.ResidualVerified" end time: Aug 20 15:48 PDT
"Jacobi.ResidualVerified" time elapsed: 00:00:00
----------------------------------------------------------

39/170 Testing: GMRES.SPD3x3Dense
39/170 Test: GMRES.SPD3x3Dense
Command: "/Users/adityadendukuri/numerics/build-clang/tests/numerics_tests" "--gtest_filter=GMRES.SPD3x3Dense" "--gtest_also_run_disabled_tests"
Directory: /Users/adityadendukuri/numerics/build-clang/tests
"GMRES.SPD3x3Dense" start time: Aug 20 15:48 PDT
Output:
----------------------------------------------------------
Running main() from /Users/adityadendukuri/numerics/build-clang/_deps/googletest-src/googletest/src/gtest_main.cc
Note: Google Test filter = GMRES.SPD3x3Dense
[==========] Running 1 test from 1 test suite.
[----------] Global test environment set-up.
[----------] 1 test from GMRES
[ RUN      ] GMRES.SPD3x3Dense
[       OK ] GMRES.SPD3x3Dense (0 ms)
[----------] 1 test from GMRES (0 ms total)

[----------] Global test environment tear-down
[==========] 1 test from 1 test suite ran. (0 ms total)
[  PASSED  ] 1 test.
<end of output>
Test time =   0.02 sec
----------------------------------------------------------
Test Passed.
"GMRES.SPD3x3Dense" end time: Aug 20 15:48 PDT
"GMRES.SPD3x3Dense" time elapsed: 00:00:00
----------------------------------------------------------

40/170 Testing: GMRES.DenseOperator
40/170 Test: GMRES.DenseOperator
Command: "/Users/adityadendukuri/numerics/build-clang/tests/numerics_tests" "--gtest_filter=GMRES.DenseOperator" "--gtest_also_run_disabled_tests"
Directory: /Users/adityadendukuri/numerics/build-clang/tests
"GMRES.DenseOperator" start time: Aug 20 15:48 PDT
Output:
----------------------------------------------------------
Running main() from /Users/adityadendukuri/numerics/build-clang/_deps/googletest-src/googletest/src/gtest_main.cc
Note: Google Test filter = GMRES.DenseOperator
[==========] Running 1 test from 1 test suite.
[----------] Global test environment set-up.
[----------] 1 test from GMRES
[ RUN      ] GMRES.DenseOperator
[       OK ] GMRES.DenseOperator (0 ms)
[----------] 1 test from GMRES (0 ms total)

[----------] Global test environment tear-down
[==========] 1 test from 1 test suite ran. (0 ms total)
[  PASSED  ] 1 test.
<end of output>
Test time =   0.01 sec
----------------------------------------------------------
Test Passed.
"GMRES.DenseOperator" end time: Aug 20 15:48 PDT
"GMRES.DenseOperator" time elapsed: 00:00:00
----------------------------------------------------------

41/170 Testing: GMRES.NonSymmetricDense
41/170 Test: GMRES.NonSymmetricDense
Command: "/Users/adityadendukuri/numerics/build-clang/tests/numerics_tests" "--gtest_filter=GMRES.NonSymmetricDense" "--gtest_also_run_disabled_tests"
Directory: /Users/adityadendukuri/numerics/build-clang/tests
"GMRES.NonSymmetricDense" start time: Aug 20 15:48 PDT
Output:
----------------------------------------------------------
Running main() from /Users/adityadendukuri/numerics/build-clang/_deps/googletest-src/googletest/src/gtest_main.cc
Note: Google Test filter = GMRES.NonSymmetricDense
[==========] Running 1 test from 1 test suite.
[----------] Global test environment set-up.
[----------] 1 test from GMRES
[ RUN      ] GMRES.NonSymmetricDense
[       OK ] GMRES.NonSymmetricDense (0 ms)
[----------] 1 test from GMRES (0 ms total)

[----------] Global test environment tear-down
[==========] 1 test from 1 test suite ran. (0 ms total)
[  PASSED  ] 1 test.
<end of output>
Test time =   0.01 sec
----------------------------------------------------------
Test Passed.
"GMRES.NonSymmetricDense" end time: Aug 20 15:48 PDT
"GMRES.NonSymmetricDense" time elapsed: 00:00:00
----------------------------------------------------------

42/170 Testing: GMRES.SparseLaplacian1D
42/170 Test: GMRES.SparseLaplacian1D
Command: "/Users/adityadendukuri/numerics/build-clang/tests/numerics_tests" "--gtest_filter=GMRES.SparseLaplacian1D" "--gtest_also_run_disabled_tests"
Directory: /Users/adityadendukuri/numerics/build-clang/tests
"GMRES.SparseLaplacian1D" start time: Aug 20 15:48 PDT
Output:
----------------------------------------------------------
Running main() from /Users/adityadendukuri/numerics/build-clang/_deps/googletest-src/googletest/src/gtest_main.cc
Note: Google Test filter = GMRES.SparseLaplacian1D
[==========] Running 1 test from 1 test suite.
[----------] Global test environment set-up.
[----------] 1 test from GMRES
[ RUN      ] GMRES.SparseLaplacian1D
[       OK ] GMRES.SparseLaplacian1D (0 ms)
[----------] 1 test from GMRES (0 ms total)

[----------] Global test environment tear-down
[==========] 1 test from 1 test suite ran. (0 ms total)
[  PASSED  ] 1 test.
<end of output>
Test time =   0.01 sec
----------------------------------------------------------
Test Passed.
"GMRES.SparseLaplacian1D" end time: Aug 20 15:48 PDT
"GMRES.SparseLaplacian1D" time elapsed: 00:00:00
----------------------------------------------------------

43/170 Testing: GMRES.MatrixFree
43/170 Test: GMRES.MatrixFree
Command: "/Users/adityadendukuri/numerics/build-clang/tests/numerics_tests" "--gtest_filter=GMRES.MatrixFree" "--gtest_also_run_disabled_tests"
Directory: /Users/adityadendukuri/numerics/build-clang/tests
"GMRES.MatrixFree" start time: Aug 20 15:48 PDT
Output:
----------------------------------------------------------
Running main() from /Users/adityadendukuri/numerics/build-clang/_deps/googletest-src/googletest/src/gtest_main.cc
Note: Google Test filter = GMRES.MatrixFree
[==========] Running 1 test from 1 test suite.
[----------] Global test environment set-up.
[----------] 1 test from GMRES
[ RUN      ] GMRES.MatrixFree
[       OK ] GMRES.MatrixFree (0 ms)
[----------] 1 test from GMRES (0 ms total)

[----------] Global test environment tear-down
[==========] 1 test from 1 test suite ran. (0 ms total)
[  PASSED  ] 1 test.
<end of output>
Test time =   0.02 sec
----------------------------------------------------------
Test Passed.
"GMRES.MatrixFree" end time: Aug 20 15:48 PDT
"GMRES.MatrixFree" time elapsed: 00:00:00
----------------------------------------------------------

44/170 Testing: SparseMatrix.FromTriplets
44/170 Test: SparseMatrix.FromTriplets
Command: "/Users/adityadendukuri/numerics/build-clang/tests/numerics_tests" "--gtest_filter=SparseMatrix.FromTriplets" "--gtest_also_run_disabled_tests"
Directory: /Users/adityadendukuri/numerics/build-clang/tests
"SparseMatrix.FromTriplets" start time: Aug 20 15:48 PDT
Output:
----------------------------------------------------------
Running main() from /Users/adityadendukuri/numerics/build-clang/_deps/googletest-src/googletest/src/gtest_main.cc
Note: Google Test filter = SparseMatrix.FromTriplets
[==========] Running 1 test from 1 test suite.
[----------] Global test environment set-up.
[----------] 1 test from SparseMatrix
[ RUN      ] SparseMatrix.FromTriplets
[       OK ] SparseMatrix.FromTriplets (0 ms)
[----------] 1 test from SparseMatrix (0 ms total)

[----------] Global test environment tear-down
[==========] 1 test from 1 test suite ran. (0 ms total)
[  PASSED  ] 1 test.
<end of output>
Test time =   0.02 sec
----------------------------------------------------------
Test Passed.
"SparseMatrix.FromTriplets" end time: Aug 20 15:48 PDT
"SparseMatrix.FromTriplets" time elapsed: 00:00:00
----------------------------------------------------------

45/170 Testing: SparseMatrix.FromCSC
45/170 Test: SparseMatrix.FromCSC
Command: "/Users/adityadendukuri/numerics/build-clang/tests/numerics_tests" "--gtest_filter=SparseMatrix.FromCSC" "--gtest_also_run_disabled_tests"
Directory: /Users/adityadendukuri/numerics/build-clang/tests
"SparseMatrix.FromCSC" start time: Aug 20 15:48 PDT
Output:
----------------------------------------------------------
Running main() from /Users/adityadendukuri/numerics/build-clang/_deps/googletest-src/googletest/src/gtest_main.cc
Note: Google Test filter = SparseMatrix.FromCSC
[==========] Running 1 test from 1 test suite.
[----------] Global test environment set-up.
[----------] 1 test from SparseMatrix
[ RUN      ] SparseMatrix.FromCSC
[       OK ] SparseMatrix.FromCSC (0 ms)
[----------] 1 test from SparseMatrix (0 ms total)

[----------] Global test environment tear-down
[==========] 1 test from 1 test suite ran. (0 ms total)
[  PASSED  ] 1 test.
<end of output>
Test time =   0.01 sec
----------------------------------------------------------
Test Passed.
"SparseMatrix.FromCSC" end time: Aug 20 15:48 PDT
"SparseMatrix.FromCSC" time elapsed: 00:00:00
----------------------------------------------------------

46/170 Testing: SparseMatrix.DuplicatesSummed
46/170 Test: SparseMatrix.DuplicatesSummed
Command: "/Users/adityadendukuri/numerics/build-clang/tests/numerics_tests" "--gtest_filter=SparseMatrix.DuplicatesSummed" "--gtest_also_run_disabled_tests"
Directory: /Users/adityadendukuri/numerics/build-clang/tests
"SparseMatrix.DuplicatesSummed" start time: Aug 20 15:48 PDT
Output:
----------------------------------------------------------
Running main() from /Users/adityadendukuri/numerics/build-clang/_deps/googletest-src/googletest/src/gtest_main.cc
Note: Google Test filter = SparseMatrix.DuplicatesSummed
[==========] Running 1 test from 1 test suite.
[----------] Global test environment set-up.
[----------] 1 test from SparseMatrix
[ RUN      ] SparseMatrix.DuplicatesSummed
[       OK ] SparseMatrix.DuplicatesSummed (0 ms)
[----------] 1 test from SparseMatrix (0 ms total)

[----------] Global test environment tear-down
[==========] 1 test from 1 test suite ran. (0 ms total)
[  PASSED  ] 1 test.
<end of output>
Test time =   0.01 sec
----------------------------------------------------------
Test Passed.
"SparseMatrix.DuplicatesSummed" end time: Aug 20 15:48 PDT
"SparseMatrix.DuplicatesSummed" time elapsed: 00:00:00
----------------------------------------------------------

47/170 Testing: SparseMatrix.Matvec
47/170 Test: SparseMatrix.Matvec
Command: "/Users/adityadendukuri/numerics/build-clang/tests/numerics_tests" "--gtest_filter=SparseMatrix.Matvec" "--gtest_also_run_disabled_tests"
Directory: /Users/adityadendukuri/numerics/build-clang/tests
"SparseMatrix.Matvec" start time: Aug 20 15:48 PDT
Output:
----------------------------------------------------------
Running main() from /Users/adityadendukuri/numerics/build-clang/_deps/googletest-src/googletest/src/gtest_main.cc
Note: Google Test filter = SparseMatrix.Matvec
[==========] Running 1 test from 1 test suite.
[----------] Global test environment set-up.
[----------] 1 test from SparseMatrix
[ RUN      ] SparseMatrix.Matvec
[       OK ] SparseMatrix.Matvec (0 ms)
[----------] 1 test from SparseMatrix (0 ms total)

[----------] Global test environment tear-down
[==========] 1 test from 1 test suite ran. (0 ms total)
[  PASSED  ] 1 test.
<end of output>
Test time =   0.01 sec
----------------------------------------------------------
Test Passed.
"SparseMatrix.Matvec" end time: Aug 20 15:48 PDT
"SparseMatrix.Matvec" time elapsed: 00:00:00
----------------------------------------------------------

48/170 Testing: Talbot.NodesScaleWithTime
48/170 Test: Talbot.NodesScaleWithTime
Command: "/Users/adityadendukuri/numerics/build-clang/tests/numerics_tests" "--gtest_filter=Talbot.NodesScaleWithTime" "--gtest_also_run_disabled_tests"
Directory: /Users/adityadendukuri/numerics/build-clang/tests
"Talbot.NodesScaleWithTime" start time: Aug 20 15:48 PDT
Output:
----------------------------------------------------------
Running main() from /Users/adityadendukuri/numerics/build-clang/_deps/googletest-src/googletest/src/gtest_main.cc
Note: Google Test filter = Talbot.NodesScaleWithTime
[==========] Running 1 test from 1 test suite.
[----------] Global test environment set-up.
[----------] 1 test from Talbot
[ RUN      ] Talbot.NodesScaleWithTime
[       OK ] Talbot.NodesScaleWithTime (0 ms)
[----------] 1 test from Talbot (0 ms total)

[----------] Global test environment tear-down
[==========] 1 test from 1 test suite ran. (0 ms total)
[  PASSED  ] 1 test.
<end of output>
Test time =   0.01 sec
----------------------------------------------------------
Test Passed.
"Talbot.NodesScaleWithTime" end time: Aug 20 15:48 PDT
"Talbot.NodesScaleWithTime" time elapsed: 00:00:00
----------------------------------------------------------

49/170 Testing: SparseResolvent.OptionalBackend
49/170 Test: SparseResolvent.OptionalBackend
Command: "/Users/adityadendukuri/numerics/build-clang/tests/numerics_tests" "--gtest_filter=SparseResolvent.OptionalBackend" "--gtest_also_run_disabled_tests"
Directory: /Users/adityadendukuri/numerics/build-clang/tests
"SparseResolvent.OptionalBackend" start time: Aug 20 15:48 PDT
Output:
----------------------------------------------------------
Running main() from /Users/adityadendukuri/numerics/build-clang/_deps/googletest-src/googletest/src/gtest_main.cc
Note: Google Test filter = SparseResolvent.OptionalBackend
[==========] Running 1 test from 1 test suite.
[----------] Global test environment set-up.
[----------] 1 test from SparseResolvent
[ RUN      ] SparseResolvent.OptionalBackend
[       OK ] SparseResolvent.OptionalBackend (1 ms)
[----------] 1 test from SparseResolvent (1 ms total)

[----------] Global test environment tear-down
[==========] 1 test from 1 test suite ran. (1 ms total)
[  PASSED  ] 1 test.
<end of output>
Test time =   0.02 sec
----------------------------------------------------------
Test Passed.
"SparseResolvent.OptionalBackend" end time: Aug 20 15:48 PDT
"SparseResolvent.OptionalBackend" time elapsed: 00:00:00
----------------------------------------------------------

50/170 Testing: DenseResolvent.ReusableFactorization
50/170 Test: DenseResolvent.ReusableFactorization
Command: "/Users/adityadendukuri/numerics/build-clang/tests/numerics_tests" "--gtest_filter=DenseResolvent.ReusableFactorization" "--gtest_also_run_disabled_tests"
Directory: /Users/adityadendukuri/numerics/build-clang/tests
"DenseResolvent.ReusableFactorization" start time: Aug 20 15:48 PDT
Output:
----------------------------------------------------------
Running main() from /Users/adityadendukuri/numerics/build-clang/_deps/googletest-src/googletest/src/gtest_main.cc
Note: Google Test filter = DenseResolvent.ReusableFactorization
[==========] Running 1 test from 1 test suite.
[----------] Global test environment set-up.
[----------] 1 test from DenseResolvent
[ RUN      ] DenseResolvent.ReusableFactorization
[       OK ] DenseResolvent.ReusableFactorization (0 ms)
[----------] 1 test from DenseResolvent (0 ms total)

[----------] Global test environment tear-down
[==========] 1 test from 1 test suite ran. (0 ms total)
[  PASSED  ] 1 test.
<end of output>
Test time =   0.02 sec
----------------------------------------------------------
Test Passed.
"DenseResolvent.ReusableFactorization" end time: Aug 20 15:48 PDT
"DenseResolvent.ReusableFactorization" time elapsed: 00:00:00
----------------------------------------------------------

51/170 Testing: BandedMatrix.ConstructBasic
51/170 Test: BandedMatrix.ConstructBasic
Command: "/Users/adityadendukuri/numerics/build-clang/tests/numerics_tests" "--gtest_filter=BandedMatrix.ConstructBasic" "--gtest_also_run_disabled_tests"
Directory: /Users/adityadendukuri/numerics/build-clang/tests
"BandedMatrix.ConstructBasic" start time: Aug 20 15:48 PDT
Output:
----------------------------------------------------------
Running main() from /Users/adityadendukuri/numerics/build-clang/_deps/googletest-src/googletest/src/gtest_main.cc
Note: Google Test filter = BandedMatrix.ConstructBasic
[==========] Running 1 test from 1 test suite.
[----------] Global test environment set-up.
[----------] 1 test from BandedMatrix
[ RUN      ] BandedMatrix.ConstructBasic
[       OK ] BandedMatrix.ConstructBasic (0 ms)
[----------] 1 test from BandedMatrix (0 ms total)

[----------] Global test environment tear-down
[==========] 1 test from 1 test suite ran. (0 ms total)
[  PASSED  ] 1 test.
<end of output>
Test time =   0.02 sec
----------------------------------------------------------
Test Passed.
"BandedMatrix.ConstructBasic" end time: Aug 20 15:48 PDT
"BandedMatrix.ConstructBasic" time elapsed: 00:00:00
----------------------------------------------------------

52/170 Testing: BandedMatrix.ConstructWithValue
52/170 Test: BandedMatrix.ConstructWithValue
Command: "/Users/adityadendukuri/numerics/build-clang/tests/numerics_tests" "--gtest_filter=BandedMatrix.ConstructWithValue" "--gtest_also_run_disabled_tests"
Directory: /Users/adityadendukuri/numerics/build-clang/tests
"BandedMatrix.ConstructWithValue" start time: Aug 20 15:48 PDT
Output:
----------------------------------------------------------
Running main() from /Users/adityadendukuri/numerics/build-clang/_deps/googletest-src/googletest/src/gtest_main.cc
Note: Google Test filter = BandedMatrix.ConstructWithValue
[==========] Running 1 test from 1 test suite.
[----------] Global test environment set-up.
[----------] 1 test from BandedMatrix
[ RUN      ] BandedMatrix.ConstructWithValue
[       OK ] BandedMatrix.ConstructWithValue (0 ms)
[----------] 1 test from BandedMatrix (0 ms total)

[----------] Global test environment tear-down
[==========] 1 test from 1 test suite ran. (0 ms total)
[  PASSED  ] 1 test.
<end of output>
Test time =   0.01 sec
----------------------------------------------------------
Test Passed.
"BandedMatrix.ConstructWithValue" end time: Aug 20 15:48 PDT
"BandedMatrix.ConstructWithValue" time elapsed: 00:00:00
----------------------------------------------------------

53/170 Testing: BandedMatrix.ElementAccess
53/170 Test: BandedMatrix.ElementAccess
Command: "/Users/adityadendukuri/numerics/build-clang/tests/numerics_tests" "--gtest_filter=BandedMatrix.ElementAccess" "--gtest_also_run_disabled_tests"
Directory: /Users/adityadendukuri/numerics/build-clang/tests
"BandedMatrix.ElementAccess" start time: Aug 20 15:48 PDT
Output:
----------------------------------------------------------
Running main() from /Users/adityadendukuri/numerics/build-clang/_deps/googletest-src/googletest/src/gtest_main.cc
Note: Google Test filter = BandedMatrix.ElementAccess
[==========] Running 1 test from 1 test suite.
[----------] Global test environment set-up.
[----------] 1 test from BandedMatrix
[ RUN      ] BandedMatrix.ElementAccess
[       OK ] BandedMatrix.ElementAccess (0 ms)
[----------] 1 test from BandedMatrix (0 ms total)

[----------] Global test environment tear-down
[==========] 1 test from 1 test suite ran. (0 ms total)
[  PASSED  ] 1 test.
<end of output>
Test time =   0.01 sec
----------------------------------------------------------
Test Passed.
"BandedMatrix.ElementAccess" end time: Aug 20 15:48 PDT
"BandedMatrix.ElementAccess" time elapsed: 00:00:00
----------------------------------------------------------

54/170 Testing: BandedMatrix.InBandCheck
54/170 Test: BandedMatrix.InBandCheck
Command: "/Users/adityadendukuri/numerics/build-clang/tests/numerics_tests" "--gtest_filter=BandedMatrix.InBandCheck" "--gtest_also_run_disabled_tests"
Directory: /Users/adityadendukuri/numerics/build-clang/tests
"BandedMatrix.InBandCheck" start time: Aug 20 15:48 PDT
Output:
----------------------------------------------------------
Running main() from /Users/adityadendukuri/numerics/build-clang/_deps/googletest-src/googletest/src/gtest_main.cc
Note: Google Test filter = BandedMatrix.InBandCheck
[==========] Running 1 test from 1 test suite.
[----------] Global test environment set-up.
[----------] 1 test from BandedMatrix
[ RUN      ] BandedMatrix.InBandCheck
[       OK ] BandedMatrix.InBandCheck (0 ms)
[----------] 1 test from BandedMatrix (0 ms total)

[----------] Global test environment tear-down
[==========] 1 test from 1 test suite ran. (0 ms total)
[  PASSED  ] 1 test.
<end of output>
Test time =   0.01 sec
----------------------------------------------------------
Test Passed.
"BandedMatrix.InBandCheck" end time: Aug 20 15:48 PDT
"BandedMatrix.InBandCheck" time elapsed: 00:00:00
----------------------------------------------------------

55/170 Testing: BandedMatrix.CopyConstruct
55/170 Test: BandedMatrix.CopyConstruct
Command: "/Users/adityadendukuri/numerics/build-clang/tests/numerics_tests" "--gtest_filter=BandedMatrix.CopyConstruct" "--gtest_also_run_disabled_tests"
Directory: /Users/adityadendukuri/numerics/build-clang/tests
"BandedMatrix.CopyConstruct" start time: Aug 20 15:48 PDT
Output:
----------------------------------------------------------
Running main() from /Users/adityadendukuri/numerics/build-clang/_deps/googletest-src/googletest/src/gtest_main.cc
Note: Google Test filter = BandedMatrix.CopyConstruct
[==========] Running 1 test from 1 test suite.
[----------] Global test environment set-up.
[----------] 1 test from BandedMatrix
[ RUN      ] BandedMatrix.CopyConstruct
[       OK ] BandedMatrix.CopyConstruct (0 ms)
[----------] 1 test from BandedMatrix (0 ms total)

[----------] Global test environment tear-down
[==========] 1 test from 1 test suite ran. (0 ms total)
[  PASSED  ] 1 test.
<end of output>
Test time =   0.01 sec
----------------------------------------------------------
Test Passed.
"BandedMatrix.CopyConstruct" end time: Aug 20 15:48 PDT
"BandedMatrix.CopyConstruct" time elapsed: 00:00:00
----------------------------------------------------------

56/170 Testing: BandedMatrix.MoveConstruct
56/170 Test: BandedMatrix.MoveConstruct
Command: "/Users/adityadendukuri/numerics/build-clang/tests/numerics_tests" "--gtest_filter=BandedMatrix.MoveConstruct" "--gtest_also_run_disabled_tests"
Directory: /Users/adityadendukuri/numerics/build-clang/tests
"BandedMatrix.MoveConstruct" start time: Aug 20 15:48 PDT
Output:
----------------------------------------------------------
Running main() from /Users/adityadendukuri/numerics/build-clang/_deps/googletest-src/googletest/src/gtest_main.cc
Note: Google Test filter = BandedMatrix.MoveConstruct
[==========] Running 1 test from 1 test suite.
[----------] Global test environment set-up.
[----------] 1 test from BandedMatrix
[ RUN      ] BandedMatrix.MoveConstruct
[       OK ] BandedMatrix.MoveConstruct (0 ms)
[----------] 1 test from BandedMatrix (0 ms total)

[----------] Global test environment tear-down
[==========] 1 test from 1 test suite ran. (0 ms total)
[  PASSED  ] 1 test.
<end of output>
Test time =   0.01 sec
----------------------------------------------------------
Test Passed.
"BandedMatrix.MoveConstruct" end time: Aug 20 15:48 PDT
"BandedMatrix.MoveConstruct" time elapsed: 00:00:00
----------------------------------------------------------

57/170 Testing: BandedSolver.Tridiagonal4x4
57/170 Test: BandedSolver.Tridiagonal4x4
Command: "/Users/adityadendukuri/numerics/build-clang/tests/numerics_tests" "--gtest_filter=BandedSolver.Tridiagonal4x4" "--gtest_also_run_disabled_tests"
Directory: /Users/adityadendukuri/numerics/build-clang/tests
"BandedSolver.Tridiagonal4x4" start time: Aug 20 15:48 PDT
Output:
----------------------------------------------------------
Running main() from /Users/adityadendukuri/numerics/build-clang/_deps/googletest-src/googletest/src/gtest_main.cc
Note: Google Test filter = BandedSolver.Tridiagonal4x4
[==========] Running 1 test from 1 test suite.
[----------] Global test environment set-up.
[----------] 1 test from BandedSolver
[ RUN      ] BandedSolver.Tridiagonal4x4
[       OK ] BandedSolver.Tridiagonal4x4 (0 ms)
[----------] 1 test from BandedSolver (0 ms total)

[----------] Global test environment tear-down
[==========] 1 test from 1 test suite ran. (0 ms total)
[  PASSED  ] 1 test.
<end of output>
Test time =   0.02 sec
----------------------------------------------------------
Test Passed.
"BandedSolver.Tridiagonal4x4" end time: Aug 20 15:48 PDT
"BandedSolver.Tridiagonal4x4" time elapsed: 00:00:00
----------------------------------------------------------

58/170 Testing: BandedSolver.Tridiagonal1DLaplacian
58/170 Test: BandedSolver.Tridiagonal1DLaplacian
Command: "/Users/adityadendukuri/numerics/build-clang/tests/numerics_tests" "--gtest_filter=BandedSolver.Tridiagonal1DLaplacian" "--gtest_also_run_disabled_tests"
Directory: /Users/adityadendukuri/numerics/build-clang/tests
"BandedSolver.Tridiagonal1DLaplacian" start time: Aug 20 15:48 PDT
Output:
----------------------------------------------------------
Running main() from /Users/adityadendukuri/numerics/build-clang/_deps/googletest-src/googletest/src/gtest_main.cc
Note: Google Test filter = BandedSolver.Tridiagonal1DLaplacian
[==========] Running 1 test from 1 test suite.
[----------] Global test environment set-up.
[----------] 1 test from BandedSolver
[ RUN      ] BandedSolver.Tridiagonal1DLaplacian
[       OK ] BandedSolver.Tridiagonal1DLaplacian (1 ms)
[----------] 1 test from BandedSolver (1 ms total)

[----------] Global test environment tear-down
[==========] 1 test from 1 test suite ran. (1 ms total)
[  PASSED  ] 1 test.
<end of output>
Test time =   0.02 sec
----------------------------------------------------------
Test Passed.
"BandedSolver.Tridiagonal1DLaplacian" end time: Aug 20 15:48 PDT
"BandedSolver.Tridiagonal1DLaplacian" time elapsed: 00:00:00
----------------------------------------------------------

59/170 Testing: BandedSolver.Pentadiagonal
59/170 Test: BandedSolver.Pentadiagonal
Command: "/Users/adityadendukuri/numerics/build-clang/tests/numerics_tests" "--gtest_filter=BandedSolver.Pentadiagonal" "--gtest_also_run_disabled_tests"
Directory: /Users/adityadendukuri/numerics/build-clang/tests
"BandedSolver.Pentadiagonal" start time: Aug 20 15:48 PDT
Output:
----------------------------------------------------------
Running main() from /Users/adityadendukuri/numerics/build-clang/_deps/googletest-src/googletest/src/gtest_main.cc
Note: Google Test filter = BandedSolver.Pentadiagonal
[==========] Running 1 test from 1 test suite.
[----------] Global test environment set-up.
[----------] 1 test from BandedSolver
[ RUN      ] BandedSolver.Pentadiagonal
[       OK ] BandedSolver.Pentadiagonal (1 ms)
[----------] 1 test from BandedSolver (1 ms total)

[----------] Global test environment tear-down
[==========] 1 test from 1 test suite ran. (1 ms total)
[  PASSED  ] 1 test.
<end of output>
Test time =   0.02 sec
----------------------------------------------------------
Test Passed.
"BandedSolver.Pentadiagonal" end time: Aug 20 15:48 PDT
"BandedSolver.Pentadiagonal" time elapsed: 00:00:00
----------------------------------------------------------

60/170 Testing: BandedSolver.GeneralBanded
60/170 Test: BandedSolver.GeneralBanded
Command: "/Users/adityadendukuri/numerics/build-clang/tests/numerics_tests" "--gtest_filter=BandedSolver.GeneralBanded" "--gtest_also_run_disabled_tests"
Directory: /Users/adityadendukuri/numerics/build-clang/tests
"BandedSolver.GeneralBanded" start time: Aug 20 15:48 PDT
Output:
----------------------------------------------------------
Running main() from /Users/adityadendukuri/numerics/build-clang/_deps/googletest-src/googletest/src/gtest_main.cc
Note: Google Test filter = BandedSolver.GeneralBanded
[==========] Running 1 test from 1 test suite.
[----------] Global test environment set-up.
[----------] 1 test from BandedSolver
[ RUN      ] BandedSolver.GeneralBanded
[       OK ] BandedSolver.GeneralBanded (1 ms)
[----------] 1 test from BandedSolver (1 ms total)

[----------] Global test environment tear-down
[==========] 1 test from 1 test suite ran. (1 ms total)
[  PASSED  ] 1 test.
<end of output>
Test time =   0.02 sec
----------------------------------------------------------
Test Passed.
"BandedSolver.GeneralBanded" end time: Aug 20 15:48 PDT
"BandedSolver.GeneralBanded" time elapsed: 00:00:00
----------------------------------------------------------

61/170 Testing: BandedSolver.LUFactorizationReuse
61/170 Test: BandedSolver.LUFactorizationReuse
Command: "/Users/adityadendukuri/numerics/build-clang/tests/numerics_tests" "--gtest_filter=BandedSolver.LUFactorizationReuse" "--gtest_also_run_disabled_tests"
Directory: /Users/adityadendukuri/numerics/build-clang/tests
"BandedSolver.LUFactorizationReuse" start time: Aug 20 15:48 PDT
Output:
----------------------------------------------------------
Running main() from /Users/adityadendukuri/numerics/build-clang/_deps/googletest-src/googletest/src/gtest_main.cc
Note: Google Test filter = BandedSolver.LUFactorizationReuse
[==========] Running 1 test from 1 test suite.
[----------] Global test environment set-up.
[----------] 1 test from BandedSolver
[ RUN      ] BandedSolver.LUFactorizationReuse
[       OK ] BandedSolver.LUFactorizationReuse (0 ms)
[----------] 1 test from BandedSolver (0 ms total)

[----------] Global test environment tear-down
[==========] 1 test from 1 test suite ran. (1 ms total)
[  PASSED  ] 1 test.
<end of output>
Test time =   0.02 sec
----------------------------------------------------------
Test Passed.
"BandedSolver.LUFactorizationReuse" end time: Aug 20 15:48 PDT
"BandedSolver.LUFactorizationReuse" time elapsed: 00:00:00
----------------------------------------------------------

62/170 Testing: BandedSolver.MultipleRHS
62/170 Test: BandedSolver.MultipleRHS
Command: "/Users/adityadendukuri/numerics/build-clang/tests/numerics_tests" "--gtest_filter=BandedSolver.MultipleRHS" "--gtest_also_run_disabled_tests"
Directory: /Users/adityadendukuri/numerics/build-clang/tests
"BandedSolver.MultipleRHS" start time: Aug 20 15:48 PDT
Output:
----------------------------------------------------------
Running main() from /Users/adityadendukuri/numerics/build-clang/_deps/googletest-src/googletest/src/gtest_main.cc
Note: Google Test filter = BandedSolver.MultipleRHS
[==========] Running 1 test from 1 test suite.
[----------] Global test environment set-up.
[----------] 1 test from BandedSolver
[ RUN      ] BandedSolver.MultipleRHS
[       OK ] BandedSolver.MultipleRHS (0 ms)
[----------] 1 test from BandedSolver (0 ms total)

[----------] Global test environment tear-down
[==========] 1 test from 1 test suite ran. (0 ms total)
[  PASSED  ] 1 test.
<end of output>
Test time =   0.02 sec
----------------------------------------------------------
Test Passed.
"BandedSolver.MultipleRHS" end time: Aug 20 15:48 PDT
"BandedSolver.MultipleRHS" time elapsed: 00:00:00
----------------------------------------------------------

63/170 Testing: BandedSolver.LargeTridiagonal
63/170 Test: BandedSolver.LargeTridiagonal
Command: "/Users/adityadendukuri/numerics/build-clang/tests/numerics_tests" "--gtest_filter=BandedSolver.LargeTridiagonal" "--gtest_also_run_disabled_tests"
Directory: /Users/adityadendukuri/numerics/build-clang/tests
"BandedSolver.LargeTridiagonal" start time: Aug 20 15:48 PDT
Output:
----------------------------------------------------------
Running main() from /Users/adityadendukuri/numerics/build-clang/_deps/googletest-src/googletest/src/gtest_main.cc
Note: Google Test filter = BandedSolver.LargeTridiagonal
[==========] Running 1 test from 1 test suite.
[----------] Global test environment set-up.
[----------] 1 test from BandedSolver
[ RUN      ] BandedSolver.LargeTridiagonal
[       OK ] BandedSolver.LargeTridiagonal (1 ms)
[----------] 1 test from BandedSolver (1 ms total)

[----------] Global test environment tear-down
[==========] 1 test from 1 test suite ran. (1 ms total)
[  PASSED  ] 1 test.
<end of output>
Test time =   0.02 sec
----------------------------------------------------------
Test Passed.
"BandedSolver.LargeTridiagonal" end time: Aug 20 15:48 PDT
"BandedSolver.LargeTridiagonal" time elapsed: 00:00:00
----------------------------------------------------------

64/170 Testing: BandedSolver.LargePentadiagonal
64/170 Test: BandedSolver.LargePentadiagonal
Command: "/Users/adityadendukuri/numerics/build-clang/tests/numerics_tests" "--gtest_filter=BandedSolver.LargePentadiagonal" "--gtest_also_run_disabled_tests"
Directory: /Users/adityadendukuri/numerics/build-clang/tests
"BandedSolver.LargePentadiagonal" start time: Aug 20 15:48 PDT
Output:
----------------------------------------------------------
Running main() from /Users/adityadendukuri/numerics/build-clang/_deps/googletest-src/googletest/src/gtest_main.cc
Note: Google Test filter = BandedSolver.LargePentadiagonal
[==========] Running 1 test from 1 test suite.
[----------] Global test environment set-up.
[----------] 1 test from BandedSolver
[ RUN      ] BandedSolver.LargePentadiagonal
[       OK ] BandedSolver.LargePentadiagonal (1 ms)
[----------] 1 test from BandedSolver (1 ms total)

[----------] Global test environment tear-down
[==========] 1 test from 1 test suite ran. (1 ms total)
[  PASSED  ] 1 test.
<end of output>
Test time =   0.02 sec
----------------------------------------------------------
Test Passed.
"BandedSolver.LargePentadiagonal" end time: Aug 20 15:48 PDT
"BandedSolver.LargePentadiagonal" time elapsed: 00:00:00
----------------------------------------------------------

65/170 Testing: BandedSolver.Size1
65/170 Test: BandedSolver.Size1
Command: "/Users/adityadendukuri/numerics/build-clang/tests/numerics_tests" "--gtest_filter=BandedSolver.Size1" "--gtest_also_run_disabled_tests"
Directory: /Users/adityadendukuri/numerics/build-clang/tests
"BandedSolver.Size1" start time: Aug 20 15:48 PDT
Output:
----------------------------------------------------------
Running main() from /Users/adityadendukuri/numerics/build-clang/_deps/googletest-src/googletest/src/gtest_main.cc
Note: Google Test filter = BandedSolver.Size1
[==========] Running 1 test from 1 test suite.
[----------] Global test environment set-up.
[----------] 1 test from BandedSolver
[ RUN      ] BandedSolver.Size1
[       OK ] BandedSolver.Size1 (0 ms)
[----------] 1 test from BandedSolver (0 ms total)

[----------] Global test environment tear-down
[...]
[       OK ] SVD_LAPACK.MatchesJacobi (0 ms)
[----------] 1 test from SVD_LAPACK (0 ms total)

[----------] Global test environment tear-down
[==========] 1 test from 1 test suite ran. (0 ms total)
[  PASSED  ] 1 test.
<end of output>
Test time =   0.01 sec
----------------------------------------------------------
Test Passed.
"SVD_LAPACK.MatchesJacobi" end time: Aug 20 15:48 PDT
"SVD_LAPACK.MatchesJacobi" time elapsed: 00:00:00
----------------------------------------------------------

156/170 Testing: SVD_LAPACK.ReconstructN64
156/170 Test: SVD_LAPACK.ReconstructN64
Command: "/Users/adityadendukuri/numerics/build-clang/tests/numerics_tests" "--gtest_filter=SVD_LAPACK.ReconstructN64" "--gtest_also_run_disabled_tests"
Directory: /Users/adityadendukuri/numerics/build-clang/tests
"SVD_LAPACK.ReconstructN64" start time: Aug 20 15:48 PDT
Output:
----------------------------------------------------------
Running main() from /Users/adityadendukuri/numerics/build-clang/_deps/googletest-src/googletest/src/gtest_main.cc
Note: Google Test filter = SVD_LAPACK.ReconstructN64
[==========] Running 1 test from 1 test suite.
[----------] Global test environment set-up.
[----------] 1 test from SVD_LAPACK
[ RUN      ] SVD_LAPACK.ReconstructN64
[       OK ] SVD_LAPACK.ReconstructN64 (0 ms)
[----------] 1 test from SVD_LAPACK (0 ms total)

[----------] Global test environment tear-down
[==========] 1 test from 1 test suite ran. (0 ms total)
[  PASSED  ] 1 test.
<end of output>
Test time =   0.02 sec
----------------------------------------------------------
Test Passed.
"SVD_LAPACK.ReconstructN64" end time: Aug 20 15:48 PDT
"SVD_LAPACK.ReconstructN64" time elapsed: 00:00:00
----------------------------------------------------------

157/170 Testing: SVD_LAPACK.ReconstructRectangular
157/170 Test: SVD_LAPACK.ReconstructRectangular
Command: "/Users/adityadendukuri/numerics/build-clang/tests/numerics_tests" "--gtest_filter=SVD_LAPACK.ReconstructRectangular" "--gtest_also_run_disabled_tests"
Directory: /Users/adityadendukuri/numerics/build-clang/tests
"SVD_LAPACK.ReconstructRectangular" start time: Aug 20 15:48 PDT
Output:
----------------------------------------------------------
Running main() from /Users/adityadendukuri/numerics/build-clang/_deps/googletest-src/googletest/src/gtest_main.cc
Note: Google Test filter = SVD_LAPACK.ReconstructRectangular
[==========] Running 1 test from 1 test suite.
[----------] Global test environment set-up.
[----------] 1 test from SVD_LAPACK
[ RUN      ] SVD_LAPACK.ReconstructRectangular
[       OK ] SVD_LAPACK.ReconstructRectangular (0 ms)
[----------] 1 test from SVD_LAPACK (0 ms total)

[----------] Global test environment tear-down
[==========] 1 test from 1 test suite ran. (0 ms total)
[  PASSED  ] 1 test.
<end of output>
Test time =   0.01 sec
----------------------------------------------------------
Test Passed.
"SVD_LAPACK.ReconstructRectangular" end time: Aug 20 15:48 PDT
"SVD_LAPACK.ReconstructRectangular" time elapsed: 00:00:00
----------------------------------------------------------

158/170 Testing: SVD_Randomized.TopKSingularValues
158/170 Test: SVD_Randomized.TopKSingularValues
Command: "/Users/adityadendukuri/numerics/build-clang/tests/numerics_tests" "--gtest_filter=SVD_Randomized.TopKSingularValues" "--gtest_also_run_disabled_tests"
Directory: /Users/adityadendukuri/numerics/build-clang/tests
"SVD_Randomized.TopKSingularValues" start time: Aug 20 15:48 PDT
Output:
----------------------------------------------------------
Running main() from /Users/adityadendukuri/numerics/build-clang/_deps/googletest-src/googletest/src/gtest_main.cc
Note: Google Test filter = SVD_Randomized.TopKSingularValues
[==========] Running 1 test from 1 test suite.
[----------] Global test environment set-up.
[----------] 1 test from SVD_Randomized
[ RUN      ] SVD_Randomized.TopKSingularValues
[       OK ] SVD_Randomized.TopKSingularValues (0 ms)
[----------] 1 test from SVD_Randomized (0 ms total)

[----------] Global test environment tear-down
[==========] 1 test from 1 test suite ran. (0 ms total)
[  PASSED  ] 1 test.
<end of output>
Test time =   0.02 sec
----------------------------------------------------------
Test Passed.
"SVD_Randomized.TopKSingularValues" end time: Aug 20 15:48 PDT
"SVD_Randomized.TopKSingularValues" time elapsed: 00:00:00
----------------------------------------------------------

159/170 Testing: SVD_Randomized.ColumnOrthonormality
159/170 Test: SVD_Randomized.ColumnOrthonormality
Command: "/Users/adityadendukuri/numerics/build-clang/tests/numerics_tests" "--gtest_filter=SVD_Randomized.ColumnOrthonormality" "--gtest_also_run_disabled_tests"
Directory: /Users/adityadendukuri/numerics/build-clang/tests
"SVD_Randomized.ColumnOrthonormality" start time: Aug 20 15:48 PDT
Output:
----------------------------------------------------------
Running main() from /Users/adityadendukuri/numerics/build-clang/_deps/googletest-src/googletest/src/gtest_main.cc
Note: Google Test filter = SVD_Randomized.ColumnOrthonormality
[==========] Running 1 test from 1 test suite.
[----------] Global test environment set-up.
[----------] 1 test from SVD_Randomized
[ RUN      ] SVD_Randomized.ColumnOrthonormality
[       OK ] SVD_Randomized.ColumnOrthonormality (0 ms)
[----------] 1 test from SVD_Randomized (0 ms total)

[----------] Global test environment tear-down
[==========] 1 test from 1 test suite ran. (0 ms total)
[  PASSED  ] 1 test.
<end of output>
Test time =   0.01 sec
----------------------------------------------------------
Test Passed.
"SVD_Randomized.ColumnOrthonormality" end time: Aug 20 15:48 PDT
"SVD_Randomized.ColumnOrthonormality" time elapsed: 00:00:00
----------------------------------------------------------

160/170 Testing: ScalarField3D.StorageRoundTrip
160/170 Test: ScalarField3D.StorageRoundTrip
Command: "/Users/adityadendukuri/numerics/build-clang/tests/numerics_tests" "--gtest_filter=ScalarField3D.StorageRoundTrip" "--gtest_also_run_disabled_tests"
Directory: /Users/adityadendukuri/numerics/build-clang/tests
"ScalarField3D.StorageRoundTrip" start time: Aug 20 15:48 PDT
Output:
----------------------------------------------------------
Running main() from /Users/adityadendukuri/numerics/build-clang/_deps/googletest-src/googletest/src/gtest_main.cc
Note: Google Test filter = ScalarField3D.StorageRoundTrip
[==========] Running 1 test from 1 test suite.
[----------] Global test environment set-up.
[----------] 1 test from ScalarField3D
[ RUN      ] ScalarField3D.StorageRoundTrip
[       OK ] ScalarField3D.StorageRoundTrip (0 ms)
[----------] 1 test from ScalarField3D (0 ms total)

[----------] Global test environment tear-down
[==========] 1 test from 1 test suite ran. (0 ms total)
[  PASSED  ] 1 test.
<end of output>
Test time =   0.01 sec
----------------------------------------------------------
Test Passed.
"ScalarField3D.StorageRoundTrip" end time: Aug 20 15:48 PDT
"ScalarField3D.StorageRoundTrip" time elapsed: 00:00:00
----------------------------------------------------------

161/170 Testing: VectorField3D.Scale
161/170 Test: VectorField3D.Scale
Command: "/Users/adityadendukuri/numerics/build-clang/tests/numerics_tests" "--gtest_filter=VectorField3D.Scale" "--gtest_also_run_disabled_tests"
Directory: /Users/adityadendukuri/numerics/build-clang/tests
"VectorField3D.Scale" start time: Aug 20 15:48 PDT
Output:
----------------------------------------------------------
Running main() from /Users/adityadendukuri/numerics/build-clang/_deps/googletest-src/googletest/src/gtest_main.cc
Note: Google Test filter = VectorField3D.Scale
[==========] Running 1 test from 1 test suite.
[----------] Global test environment set-up.
[----------] 1 test from VectorField3D
[ RUN      ] VectorField3D.Scale
[       OK ] VectorField3D.Scale (0 ms)
[----------] 1 test from VectorField3D (0 ms total)

[----------] Global test environment tear-down
[==========] 1 test from 1 test suite ran. (0 ms total)
[  PASSED  ] 1 test.
<end of output>
Test time =   0.01 sec
----------------------------------------------------------
Test Passed.
"VectorField3D.Scale" end time: Aug 20 15:48 PDT
"VectorField3D.Scale" time elapsed: 00:00:00
----------------------------------------------------------

162/170 Testing: FieldSolver.PoissonManufacturedSolution
162/170 Test: FieldSolver.PoissonManufacturedSolution
Command: "/Users/adityadendukuri/numerics/build-clang/tests/numerics_tests" "--gtest_filter=FieldSolver.PoissonManufacturedSolution" "--gtest_also_run_disabled_tests"
Directory: /Users/adityadendukuri/numerics/build-clang/tests
"FieldSolver.PoissonManufacturedSolution" start time: Aug 20 15:48 PDT
Output:
----------------------------------------------------------
Running main() from /Users/adityadendukuri/numerics/build-clang/_deps/googletest-src/googletest/src/gtest_main.cc
Note: Google Test filter = FieldSolver.PoissonManufacturedSolution
[==========] Running 1 test from 1 test suite.
[----------] Global test environment set-up.
[----------] 1 test from FieldSolver
[ RUN      ] FieldSolver.PoissonManufacturedSolution
[       OK ] FieldSolver.PoissonManufacturedSolution (1 ms)
[----------] 1 test from FieldSolver (1 ms total)

[----------] Global test environment tear-down
[==========] 1 test from 1 test suite ran. (1 ms total)
[  PASSED  ] 1 test.
<end of output>
Test time =   0.02 sec
----------------------------------------------------------
Test Passed.
"FieldSolver.PoissonManufacturedSolution" end time: Aug 20 15:48 PDT
"FieldSolver.PoissonManufacturedSolution" time elapsed: 00:00:00
----------------------------------------------------------

163/170 Testing: FieldSolver.GradientOfLinearFieldIsConstant
163/170 Test: FieldSolver.GradientOfLinearFieldIsConstant
Command: "/Users/adityadendukuri/numerics/build-clang/tests/numerics_tests" "--gtest_filter=FieldSolver.GradientOfLinearFieldIsConstant" "--gtest_also_run_disabled_tests"
Directory: /Users/adityadendukuri/numerics/build-clang/tests
"FieldSolver.GradientOfLinearFieldIsConstant" start time: Aug 20 15:48 PDT
Output:
----------------------------------------------------------
Running main() from /Users/adityadendukuri/numerics/build-clang/_deps/googletest-src/googletest/src/gtest_main.cc
Note: Google Test filter = FieldSolver.GradientOfLinearFieldIsConstant
[==========] Running 1 test from 1 test suite.
[----------] Global test environment set-up.
[----------] 1 test from FieldSolver
[ RUN      ] FieldSolver.GradientOfLinearFieldIsConstant
[       OK ] FieldSolver.GradientOfLinearFieldIsConstant (0 ms)
[----------] 1 test from FieldSolver (0 ms total)

[----------] Global test environment tear-down
[==========] 1 test from 1 test suite ran. (0 ms total)
[  PASSED  ] 1 test.
<end of output>
Test time =   0.01 sec
----------------------------------------------------------
Test Passed.
"FieldSolver.GradientOfLinearFieldIsConstant" end time: Aug 20 15:48 PDT
"FieldSolver.GradientOfLinearFieldIsConstant" time elapsed: 00:00:00
----------------------------------------------------------

164/170 Testing: Solve.ODEProblemRK45
164/170 Test: Solve.ODEProblemRK45
Command: "/Users/adityadendukuri/numerics/build-clang/tests/numerics_tests" "--gtest_filter=Solve.ODEProblemRK45" "--gtest_also_run_disabled_tests"
Directory: /Users/adityadendukuri/numerics/build-clang/tests
"Solve.ODEProblemRK45" start time: Aug 20 15:48 PDT
Output:
----------------------------------------------------------
Running main() from /Users/adityadendukuri/numerics/build-clang/_deps/googletest-src/googletest/src/gtest_main.cc
Note: Google Test filter = Solve.ODEProblemRK45
[==========] Running 1 test from 1 test suite.
[----------] Global test environment set-up.
[----------] 1 test from Solve
[ RUN      ] Solve.ODEProblemRK45
[       OK ] Solve.ODEProblemRK45 (0 ms)
[----------] 1 test from Solve (0 ms total)

[----------] Global test environment tear-down
[==========] 1 test from 1 test suite ran. (0 ms total)
[  PASSED  ] 1 test.
<end of output>
Test time =   0.01 sec
----------------------------------------------------------
Test Passed.
"Solve.ODEProblemRK45" end time: Aug 20 15:48 PDT
"Solve.ODEProblemRK45" time elapsed: 00:00:00
----------------------------------------------------------

165/170 Testing: Solve.LinearCacheWarmStart
165/170 Test: Solve.LinearCacheWarmStart
Command: "/Users/adityadendukuri/numerics/build-clang/tests/numerics_tests" "--gtest_filter=Solve.LinearCacheWarmStart" "--gtest_also_run_disabled_tests"
Directory: /Users/adityadendukuri/numerics/build-clang/tests
"Solve.LinearCacheWarmStart" start time: Aug 20 15:48 PDT
Output:
----------------------------------------------------------
Running main() from /Users/adityadendukuri/numerics/build-clang/_deps/googletest-src/googletest/src/gtest_main.cc
Note: Google Test filter = Solve.LinearCacheWarmStart
[==========] Running 1 test from 1 test suite.
[----------] Global test environment set-up.
[----------] 1 test from Solve
[ RUN      ] Solve.LinearCacheWarmStart
[       OK ] Solve.LinearCacheWarmStart (0 ms)
[----------] 1 test from Solve (0 ms total)

[----------] Global test environment tear-down
[==========] 1 test from 1 test suite ran. (0 ms total)
[  PASSED  ] 1 test.
<end of output>
Test time =   0.01 sec
----------------------------------------------------------
Test Passed.
"Solve.LinearCacheWarmStart" end time: Aug 20 15:48 PDT
"Solve.LinearCacheWarmStart" time elapsed: 00:00:00
----------------------------------------------------------

166/170 Testing: Sample.MCMCModelMeasure
166/170 Test: Sample.MCMCModelMeasure
Command: "/Users/adityadendukuri/numerics/build-clang/tests/numerics_tests" "--gtest_filter=Sample.MCMCModelMeasure" "--gtest_also_run_disabled_tests"
Directory: /Users/adityadendukuri/numerics/build-clang/tests
"Sample.MCMCModelMeasure" start time: Aug 20 15:48 PDT
Output:
----------------------------------------------------------
Running main() from /Users/adityadendukuri/numerics/build-clang/_deps/googletest-src/googletest/src/gtest_main.cc
Note: Google Test filter = Sample.MCMCModelMeasure
[==========] Running 1 test from 1 test suite.
[----------] Global test environment set-up.
[----------] 1 test from Sample
[ RUN      ] Sample.MCMCModelMeasure
[       OK ] Sample.MCMCModelMeasure (0 ms)
[----------] 1 test from Sample (0 ms total)

[----------] Global test environment tear-down
[==========] 1 test from 1 test suite ran. (0 ms total)
[  PASSED  ] 1 test.
<end of output>
Test time =   0.01 sec
----------------------------------------------------------
Test Passed.
"Sample.MCMCModelMeasure" end time: Aug 20 15:48 PDT
"Sample.MCMCModelMeasure" time elapsed: 00:00:00
----------------------------------------------------------

167/170 Testing: Umbrella.IncludeHeader
167/170 Test: Umbrella.IncludeHeader
Command: "/Users/adityadendukuri/numerics/build-clang/tests/numerics_tests" "--gtest_filter=Umbrella.IncludeHeader" "--gtest_also_run_disabled_tests"
Directory: /Users/adityadendukuri/numerics/build-clang/tests
"Umbrella.IncludeHeader" start time: Aug 20 15:48 PDT
Output:
----------------------------------------------------------
Running main() from /Users/adityadendukuri/numerics/build-clang/_deps/googletest-src/googletest/src/gtest_main.cc
Note: Google Test filter = Umbrella.IncludeHeader
[==========] Running 1 test from 1 test suite.
[----------] Global test environment set-up.
[----------] 1 test from Umbrella
[ RUN      ] Umbrella.IncludeHeader
[       OK ] Umbrella.IncludeHeader (0 ms)
[----------] 1 test from Umbrella (0 ms total)

[----------] Global test environment tear-down
[==========] 1 test from 1 test suite ran. (0 ms total)
[  PASSED  ] 1 test.
<end of output>
Test time =   0.01 sec
----------------------------------------------------------
Test Passed.
"Umbrella.IncludeHeader" end time: Aug 20 15:48 PDT
"Umbrella.IncludeHeader" time elapsed: 00:00:00
----------------------------------------------------------

168/170 Testing: DebugCheck.DimensionMismatch
168/170 Test: DebugCheck.DimensionMismatch
Command: "/Users/adityadendukuri/numerics/build-clang/tests/numerics_tests" "--gtest_filter=DebugCheck.DimensionMismatch" "--gtest_also_run_disabled_tests"
Directory: /Users/adityadendukuri/numerics/build-clang/tests
"DebugCheck.DimensionMismatch" start time: Aug 20 15:48 PDT
Output:
----------------------------------------------------------
Running main() from /Users/adityadendukuri/numerics/build-clang/_deps/googletest-src/googletest/src/gtest_main.cc
Note: Google Test filter = DebugCheck.DimensionMismatch
[==========] Running 1 test from 1 test suite.
[----------] Global test environment set-up.
[----------] 1 test from DebugCheck
[ RUN      ] DebugCheck.DimensionMismatch
[       OK ] DebugCheck.DimensionMismatch (0 ms)
[----------] 1 test from DebugCheck (0 ms total)

[----------] Global test environment tear-down
[==========] 1 test from 1 test suite ran. (0 ms total)
[  PASSED  ] 1 test.
<end of output>
Test time =   0.01 sec
----------------------------------------------------------
Test Passed.
"DebugCheck.DimensionMismatch" end time: Aug 20 15:48 PDT
"DebugCheck.DimensionMismatch" time elapsed: 00:00:00
----------------------------------------------------------

169/170 Testing: DebugCheck.NonFiniteValueError
169/170 Test: DebugCheck.NonFiniteValueError
Command: "/Users/adityadendukuri/numerics/build-clang/tests/numerics_tests" "--gtest_filter=DebugCheck.NonFiniteValueError" "--gtest_also_run_disabled_tests"
Directory: /Users/adityadendukuri/numerics/build-clang/tests
"DebugCheck.NonFiniteValueError" start time: Aug 20 15:48 PDT
Output:
----------------------------------------------------------
Running main() from /Users/adityadendukuri/numerics/build-clang/_deps/googletest-src/googletest/src/gtest_main.cc
Note: Google Test filter = DebugCheck.NonFiniteValueError
[==========] Running 1 test from 1 test suite.
[----------] Global test environment set-up.
[----------] 1 test from DebugCheck
[ RUN      ] DebugCheck.NonFiniteValueError
[       OK ] DebugCheck.NonFiniteValueError (0 ms)
[----------] 1 test from DebugCheck (0 ms total)

[----------] Global test environment tear-down
[==========] 1 test from 1 test suite ran. (0 ms total)
[  PASSED  ] 1 test.
<end of output>
Test time =   0.01 sec
----------------------------------------------------------
Test Passed.
"DebugCheck.NonFiniteValueError" end time: Aug 20 15:48 PDT
"DebugCheck.NonFiniteValueError" time elapsed: 00:00:00
----------------------------------------------------------

170/170 Testing: DebugCheck.FalseSPDAssertionCaughtAtRuntime
170/170 Test: DebugCheck.FalseSPDAssertionCaughtAtRuntime
Command: "/Users/adityadendukuri/numerics/build-clang/tests/numerics_tests" "--gtest_filter=DebugCheck.FalseSPDAssertionCaughtAtRuntime" "--gtest_also_run_disabled_tests"
Directory: /Users/adityadendukuri/numerics/build-clang/tests
"DebugCheck.FalseSPDAssertionCaughtAtRuntime" start time: Aug 20 15:48 PDT
Output:
----------------------------------------------------------
Running main() from /Users/adityadendukuri/numerics/build-clang/_deps/googletest-src/googletest/src/gtest_main.cc
Note: Google Test filter = DebugCheck.FalseSPDAssertionCaughtAtRuntime
[==========] Running 1 test from 1 test suite.
[----------] Global test environment set-up.
[----------] 1 test from DebugCheck
[ RUN      ] DebugCheck.FalseSPDAssertionCaughtAtRuntime
[       OK ] DebugCheck.FalseSPDAssertionCaughtAtRuntime (0 ms)
[----------] 1 test from DebugCheck (0 ms total)

[----------] Global test environment tear-down
[==========] 1 test from 1 test suite ran. (0 ms total)
[  PASSED  ] 1 test.
<end of output>
Test time =   0.02 sec
----------------------------------------------------------
Test Passed.
"DebugCheck.FalseSPDAssertionCaughtAtRuntime" end time: Aug 20 15:48 PDT
"DebugCheck.FalseSPDAssertionCaughtAtRuntime" time elapsed: 00:00:00
----------------------------------------------------------

End testing: Aug 20 15:48 PDT
